{"/Users/shawwalters/eliza/packages/spartan/src/plugins/socialAlpha/service.ts": {"path":"/Users/shawwalters/eliza/packages/spartan/src/plugins/socialAlpha/service.ts","all":false,"statementMap":{"0":{"start":{"line":1,"column":0},"end":{"line":1,"column":8}},"12":{"start":{"line":13,"column":0},"end":{"line":13,"column":36}},"13":{"start":{"line":14,"column":0},"end":{"line":14,"column":75}},"14":{"start":{"line":15,"column":0},"end":{"line":15,"column":8}},"22":{"start":{"line":23,"column":0},"end":{"line":23,"column":45}},"23":{"start":{"line":24,"column":0},"end":{"line":24,"column":8}},"69":{"start":{"line":70,"column":0},"end":{"line":70,"column":3}},"71":{"start":{"line":72,"column":0},"end":{"line":72,"column":3}},"72":{"start":{"line":73,"column":0},"end":{"line":73,"column":3}},"79":{"start":{"line":80,"column":0},"end":{"line":80,"column":3}},"80":{"start":{"line":81,"column":0},"end":{"line":81,"column":92}},"81":{"start":{"line":82,"column":0},"end":{"line":82,"column":63}},"82":{"start":{"line":83,"column":0},"end":{"line":83,"column":32}},"83":{"start":{"line":84,"column":0},"end":{"line":84,"column":76}},"85":{"start":{"line":86,"column":0},"end":{"line":86,"column":21}},"86":{"start":{"line":87,"column":0},"end":{"line":87,"column":39}},"87":{"start":{"line":88,"column":0},"end":{"line":88,"column":47}},"88":{"start":{"line":89,"column":0},"end":{"line":89,"column":51}},"90":{"start":{"line":91,"column":0},"end":{"line":91,"column":18}},"91":{"start":{"line":92,"column":0},"end":{"line":92,"column":31}},"93":{"start":{"line":94,"column":0},"end":{"line":94,"column":20}},"97":{"start":{"line":98,"column":0},"end":{"line":98,"column":9}},"99":{"start":{"line":100,"column":0},"end":{"line":100,"column":65}},"100":{"start":{"line":101,"column":0},"end":{"line":101,"column":97}},"101":{"start":{"line":102,"column":0},"end":{"line":102,"column":89}},"102":{"start":{"line":103,"column":0},"end":{"line":103,"column":45}},"103":{"start":{"line":104,"column":0},"end":{"line":104,"column":55}},"104":{"start":{"line":105,"column":0},"end":{"line":105,"column":50}},"105":{"start":{"line":106,"column":0},"end":{"line":106,"column":97}},"107":{"start":{"line":108,"column":0},"end":{"line":108,"column":58}},"108":{"start":{"line":109,"column":0},"end":{"line":109,"column":19}},"110":{"start":{"line":111,"column":0},"end":{"line":111,"column":29}},"111":{"start":{"line":112,"column":0},"end":{"line":112,"column":66}},"112":{"start":{"line":113,"column":0},"end":{"line":113,"column":74}},"114":{"start":{"line":115,"column":0},"end":{"line":115,"column":9}},"115":{"start":{"line":116,"column":0},"end":{"line":116,"column":66}},"116":{"start":{"line":117,"column":0},"end":{"line":117,"column":21}},"117":{"start":{"line":118,"column":0},"end":{"line":118,"column":93}},"118":{"start":{"line":119,"column":0},"end":{"line":119,"column":5}},"120":{"start":{"line":121,"column":0},"end":{"line":121,"column":42}},"121":{"start":{"line":122,"column":0},"end":{"line":122,"column":48}},"123":{"start":{"line":124,"column":0},"end":{"line":124,"column":29}},"124":{"start":{"line":125,"column":0},"end":{"line":125,"column":88}},"125":{"start":{"line":126,"column":0},"end":{"line":126,"column":3}},"127":{"start":{"line":128,"column":0},"end":{"line":128,"column":81}},"128":{"start":{"line":129,"column":0},"end":{"line":129,"column":58}},"129":{"start":{"line":130,"column":0},"end":{"line":130,"column":19}},"130":{"start":{"line":131,"column":0},"end":{"line":131,"column":3}},"132":{"start":{"line":133,"column":0},"end":{"line":133,"column":60}},"133":{"start":{"line":134,"column":0},"end":{"line":134,"column":50}},"134":{"start":{"line":135,"column":0},"end":{"line":135,"column":18}},"135":{"start":{"line":136,"column":0},"end":{"line":136,"column":27}},"136":{"start":{"line":137,"column":0},"end":{"line":137,"column":5}},"137":{"start":{"line":138,"column":0},"end":{"line":138,"column":3}},"139":{"start":{"line":140,"column":0},"end":{"line":140,"column":31}},"140":{"start":{"line":141,"column":0},"end":{"line":141,"column":29}},"141":{"start":{"line":142,"column":0},"end":{"line":142,"column":3}},"143":{"start":{"line":144,"column":0},"end":{"line":144,"column":5}},"145":{"start":{"line":146,"column":0},"end":{"line":146,"column":5}},"146":{"start":{"line":147,"column":0},"end":{"line":147,"column":97}},"147":{"start":{"line":148,"column":0},"end":{"line":148,"column":61}},"148":{"start":{"line":149,"column":0},"end":{"line":149,"column":9}},"149":{"start":{"line":150,"column":0},"end":{"line":150,"column":27}},"150":{"start":{"line":151,"column":0},"end":{"line":151,"column":69}},"151":{"start":{"line":152,"column":0},"end":{"line":152,"column":31}},"152":{"start":{"line":153,"column":0},"end":{"line":153,"column":58}},"155":{"start":{"line":156,"column":0},"end":{"line":156,"column":30}},"156":{"start":{"line":157,"column":0},"end":{"line":157,"column":67}},"157":{"start":{"line":158,"column":0},"end":{"line":158,"column":20}},"158":{"start":{"line":159,"column":0},"end":{"line":159,"column":7}},"160":{"start":{"line":161,"column":0},"end":{"line":161,"column":38}},"161":{"start":{"line":162,"column":0},"end":{"line":162,"column":50}},"162":{"start":{"line":163,"column":0},"end":{"line":163,"column":75}},"163":{"start":{"line":164,"column":0},"end":{"line":164,"column":20}},"164":{"start":{"line":165,"column":0},"end":{"line":165,"column":7}},"166":{"start":{"line":167,"column":0},"end":{"line":167,"column":30}},"167":{"start":{"line":168,"column":0},"end":{"line":168,"column":66}},"168":{"start":{"line":169,"column":0},"end":{"line":169,"column":18}},"169":{"start":{"line":170,"column":0},"end":{"line":170,"column":25}},"170":{"start":{"line":171,"column":0},"end":{"line":171,"column":50}},"171":{"start":{"line":172,"column":0},"end":{"line":172,"column":30}},"174":{"start":{"line":175,"column":0},"end":{"line":175,"column":28}},"175":{"start":{"line":176,"column":0},"end":{"line":176,"column":93}},"176":{"start":{"line":177,"column":0},"end":{"line":177,"column":20}},"177":{"start":{"line":178,"column":0},"end":{"line":178,"column":7}},"179":{"start":{"line":180,"column":0},"end":{"line":180,"column":29}},"180":{"start":{"line":181,"column":0},"end":{"line":181,"column":48}},"181":{"start":{"line":182,"column":0},"end":{"line":182,"column":15}},"182":{"start":{"line":183,"column":0},"end":{"line":183,"column":50}},"183":{"start":{"line":184,"column":0},"end":{"line":184,"column":24}},"186":{"start":{"line":187,"column":0},"end":{"line":187,"column":24}},"187":{"start":{"line":188,"column":0},"end":{"line":188,"column":49}},"188":{"start":{"line":189,"column":0},"end":{"line":189,"column":26}},"189":{"start":{"line":190,"column":0},"end":{"line":190,"column":18}},"190":{"start":{"line":191,"column":0},"end":{"line":191,"column":31}},"191":{"start":{"line":192,"column":0},"end":{"line":192,"column":48}},"192":{"start":{"line":193,"column":0},"end":{"line":193,"column":18}},"193":{"start":{"line":194,"column":0},"end":{"line":194,"column":50}},"194":{"start":{"line":195,"column":0},"end":{"line":195,"column":68}},"197":{"start":{"line":198,"column":0},"end":{"line":198,"column":22}},"198":{"start":{"line":199,"column":0},"end":{"line":199,"column":87}},"199":{"start":{"line":200,"column":0},"end":{"line":200,"column":20}},"200":{"start":{"line":201,"column":0},"end":{"line":201,"column":7}},"202":{"start":{"line":203,"column":0},"end":{"line":203,"column":27}},"203":{"start":{"line":204,"column":0},"end":{"line":204,"column":35}},"204":{"start":{"line":205,"column":0},"end":{"line":205,"column":28}},"205":{"start":{"line":206,"column":0},"end":{"line":206,"column":31}},"206":{"start":{"line":207,"column":0},"end":{"line":207,"column":28}},"207":{"start":{"line":208,"column":0},"end":{"line":208,"column":18}},"208":{"start":{"line":209,"column":0},"end":{"line":209,"column":36}},"209":{"start":{"line":210,"column":0},"end":{"line":210,"column":29}},"212":{"start":{"line":213,"column":0},"end":{"line":213,"column":19}},"213":{"start":{"line":214,"column":0},"end":{"line":214,"column":63}},"215":{"start":{"line":216,"column":0},"end":{"line":216,"column":22}},"216":{"start":{"line":217,"column":0},"end":{"line":217,"column":21}},"217":{"start":{"line":218,"column":0},"end":{"line":218,"column":58}},"218":{"start":{"line":219,"column":0},"end":{"line":219,"column":18}},"219":{"start":{"line":220,"column":0},"end":{"line":220,"column":5}},"220":{"start":{"line":221,"column":0},"end":{"line":221,"column":3}},"222":{"start":{"line":223,"column":0},"end":{"line":223,"column":5}},"224":{"start":{"line":225,"column":0},"end":{"line":225,"column":5}},"225":{"start":{"line":226,"column":0},"end":{"line":226,"column":89}},"226":{"start":{"line":227,"column":0},"end":{"line":227,"column":9}},"227":{"start":{"line":228,"column":0},"end":{"line":228,"column":77}},"228":{"start":{"line":229,"column":0},"end":{"line":229,"column":21}},"229":{"start":{"line":230,"column":0},"end":{"line":230,"column":58}},"230":{"start":{"line":231,"column":0},"end":{"line":231,"column":22}},"231":{"start":{"line":232,"column":0},"end":{"line":232,"column":58}},"232":{"start":{"line":233,"column":0},"end":{"line":233,"column":21}},"233":{"start":{"line":234,"column":0},"end":{"line":234,"column":7}},"235":{"start":{"line":236,"column":0},"end":{"line":236,"column":44}},"236":{"start":{"line":237,"column":0},"end":{"line":237,"column":30}},"237":{"start":{"line":238,"column":0},"end":{"line":238,"column":63}},"238":{"start":{"line":239,"column":0},"end":{"line":239,"column":21}},"239":{"start":{"line":240,"column":0},"end":{"line":240,"column":7}},"241":{"start":{"line":242,"column":0},"end":{"line":242,"column":30}},"242":{"start":{"line":243,"column":0},"end":{"line":243,"column":69}},"243":{"start":{"line":244,"column":0},"end":{"line":244,"column":30}},"244":{"start":{"line":245,"column":0},"end":{"line":245,"column":22}},"247":{"start":{"line":248,"column":0},"end":{"line":248,"column":30}},"248":{"start":{"line":249,"column":0},"end":{"line":249,"column":66}},"249":{"start":{"line":250,"column":0},"end":{"line":250,"column":21}},"250":{"start":{"line":251,"column":0},"end":{"line":251,"column":7}},"252":{"start":{"line":253,"column":0},"end":{"line":253,"column":38}},"253":{"start":{"line":254,"column":0},"end":{"line":254,"column":68}},"254":{"start":{"line":255,"column":0},"end":{"line":255,"column":55}},"255":{"start":{"line":256,"column":0},"end":{"line":256,"column":94}},"257":{"start":{"line":258,"column":0},"end":{"line":258,"column":24}},"258":{"start":{"line":259,"column":0},"end":{"line":259,"column":41}},"259":{"start":{"line":260,"column":0},"end":{"line":260,"column":20}},"260":{"start":{"line":261,"column":0},"end":{"line":261,"column":46}},"261":{"start":{"line":262,"column":0},"end":{"line":262,"column":29}},"262":{"start":{"line":263,"column":0},"end":{"line":263,"column":8}},"264":{"start":{"line":265,"column":0},"end":{"line":265,"column":31}},"265":{"start":{"line":266,"column":0},"end":{"line":266,"column":48}},"267":{"start":{"line":268,"column":0},"end":{"line":268,"column":27}},"268":{"start":{"line":269,"column":0},"end":{"line":269,"column":35}},"269":{"start":{"line":270,"column":0},"end":{"line":270,"column":28}},"270":{"start":{"line":271,"column":0},"end":{"line":271,"column":30}},"271":{"start":{"line":272,"column":0},"end":{"line":272,"column":29}},"272":{"start":{"line":273,"column":0},"end":{"line":273,"column":32}},"273":{"start":{"line":274,"column":0},"end":{"line":274,"column":21}},"274":{"start":{"line":275,"column":0},"end":{"line":275,"column":29}},"277":{"start":{"line":278,"column":0},"end":{"line":278,"column":30}},"278":{"start":{"line":279,"column":0},"end":{"line":279,"column":80}},"280":{"start":{"line":281,"column":0},"end":{"line":281,"column":19}},"281":{"start":{"line":282,"column":0},"end":{"line":282,"column":80}},"283":{"start":{"line":284,"column":0},"end":{"line":284,"column":18}},"284":{"start":{"line":285,"column":0},"end":{"line":285,"column":21}},"285":{"start":{"line":286,"column":0},"end":{"line":286,"column":59}},"286":{"start":{"line":287,"column":0},"end":{"line":287,"column":19}},"287":{"start":{"line":288,"column":0},"end":{"line":288,"column":5}},"288":{"start":{"line":289,"column":0},"end":{"line":289,"column":3}},"290":{"start":{"line":291,"column":0},"end":{"line":291,"column":5}},"292":{"start":{"line":293,"column":0},"end":{"line":293,"column":5}},"293":{"start":{"line":294,"column":0},"end":{"line":294,"column":29}},"294":{"start":{"line":295,"column":0},"end":{"line":295,"column":19}},"295":{"start":{"line":296,"column":0},"end":{"line":296,"column":21}},"302":{"start":{"line":303,"column":0},"end":{"line":303,"column":5}},"303":{"start":{"line":304,"column":0},"end":{"line":304,"column":31}},"304":{"start":{"line":305,"column":0},"end":{"line":305,"column":9}},"305":{"start":{"line":306,"column":0},"end":{"line":306,"column":70}},"306":{"start":{"line":307,"column":0},"end":{"line":307,"column":30}},"307":{"start":{"line":308,"column":0},"end":{"line":308,"column":69}},"308":{"start":{"line":309,"column":0},"end":{"line":309,"column":36}},"309":{"start":{"line":310,"column":0},"end":{"line":310,"column":28}},"312":{"start":{"line":313,"column":0},"end":{"line":313,"column":30}},"313":{"start":{"line":314,"column":0},"end":{"line":314,"column":72}},"314":{"start":{"line":315,"column":0},"end":{"line":315,"column":20}},"315":{"start":{"line":316,"column":0},"end":{"line":316,"column":7}},"317":{"start":{"line":318,"column":0},"end":{"line":318,"column":30}},"318":{"start":{"line":319,"column":0},"end":{"line":319,"column":71}},"319":{"start":{"line":320,"column":0},"end":{"line":320,"column":18}},"320":{"start":{"line":321,"column":0},"end":{"line":321,"column":25}},"321":{"start":{"line":322,"column":0},"end":{"line":322,"column":34}},"322":{"start":{"line":323,"column":0},"end":{"line":323,"column":27}},"325":{"start":{"line":326,"column":0},"end":{"line":326,"column":33}},"326":{"start":{"line":327,"column":0},"end":{"line":327,"column":98}},"327":{"start":{"line":328,"column":0},"end":{"line":328,"column":20}},"328":{"start":{"line":329,"column":0},"end":{"line":329,"column":7}},"330":{"start":{"line":331,"column":0},"end":{"line":331,"column":51}},"331":{"start":{"line":332,"column":0},"end":{"line":332,"column":59}},"332":{"start":{"line":333,"column":0},"end":{"line":333,"column":31}},"333":{"start":{"line":334,"column":0},"end":{"line":334,"column":50}},"334":{"start":{"line":335,"column":0},"end":{"line":335,"column":17}},"335":{"start":{"line":336,"column":0},"end":{"line":336,"column":36}},"336":{"start":{"line":337,"column":0},"end":{"line":337,"column":26}},"339":{"start":{"line":340,"column":0},"end":{"line":340,"column":26}},"340":{"start":{"line":341,"column":0},"end":{"line":341,"column":51}},"341":{"start":{"line":342,"column":0},"end":{"line":342,"column":33}},"342":{"start":{"line":343,"column":0},"end":{"line":343,"column":20}},"343":{"start":{"line":344,"column":0},"end":{"line":344,"column":38}},"344":{"start":{"line":345,"column":0},"end":{"line":345,"column":59}},"345":{"start":{"line":346,"column":0},"end":{"line":346,"column":20}},"346":{"start":{"line":347,"column":0},"end":{"line":347,"column":52}},"347":{"start":{"line":348,"column":0},"end":{"line":348,"column":39}},"350":{"start":{"line":351,"column":0},"end":{"line":351,"column":24}},"351":{"start":{"line":352,"column":0},"end":{"line":352,"column":94}},"352":{"start":{"line":353,"column":0},"end":{"line":353,"column":22}},"353":{"start":{"line":354,"column":0},"end":{"line":354,"column":9}},"355":{"start":{"line":356,"column":0},"end":{"line":356,"column":29}},"356":{"start":{"line":357,"column":0},"end":{"line":357,"column":37}},"357":{"start":{"line":358,"column":0},"end":{"line":358,"column":30}},"358":{"start":{"line":359,"column":0},"end":{"line":359,"column":38}},"359":{"start":{"line":360,"column":0},"end":{"line":360,"column":30}},"360":{"start":{"line":361,"column":0},"end":{"line":361,"column":20}},"361":{"start":{"line":362,"column":0},"end":{"line":362,"column":38}},"362":{"start":{"line":363,"column":0},"end":{"line":363,"column":39}},"365":{"start":{"line":366,"column":0},"end":{"line":366,"column":26}},"366":{"start":{"line":367,"column":0},"end":{"line":367,"column":24}},"367":{"start":{"line":368,"column":0},"end":{"line":368,"column":7}},"369":{"start":{"line":370,"column":0},"end":{"line":370,"column":18}},"370":{"start":{"line":371,"column":0},"end":{"line":371,"column":21}},"371":{"start":{"line":372,"column":0},"end":{"line":372,"column":60}},"372":{"start":{"line":373,"column":0},"end":{"line":373,"column":18}},"373":{"start":{"line":374,"column":0},"end":{"line":374,"column":5}},"374":{"start":{"line":375,"column":0},"end":{"line":375,"column":3}},"376":{"start":{"line":377,"column":0},"end":{"line":377,"column":5}},"378":{"start":{"line":379,"column":0},"end":{"line":379,"column":5}},"379":{"start":{"line":380,"column":0},"end":{"line":380,"column":37}},"380":{"start":{"line":381,"column":0},"end":{"line":381,"column":37}},"381":{"start":{"line":382,"column":0},"end":{"line":382,"column":88}},"382":{"start":{"line":383,"column":0},"end":{"line":383,"column":83}},"383":{"start":{"line":384,"column":0},"end":{"line":384,"column":3}},"385":{"start":{"line":386,"column":0},"end":{"line":386,"column":71}},"387":{"start":{"line":388,"column":0},"end":{"line":388,"column":5}},"389":{"start":{"line":390,"column":0},"end":{"line":390,"column":5}},"390":{"start":{"line":391,"column":0},"end":{"line":391,"column":25}},"391":{"start":{"line":392,"column":0},"end":{"line":392,"column":18}},"392":{"start":{"line":393,"column":0},"end":{"line":393,"column":25}},"393":{"start":{"line":394,"column":0},"end":{"line":394,"column":24}},"394":{"start":{"line":395,"column":0},"end":{"line":395,"column":47}},"395":{"start":{"line":396,"column":0},"end":{"line":396,"column":9}},"396":{"start":{"line":397,"column":0},"end":{"line":397,"column":80}},"397":{"start":{"line":398,"column":0},"end":{"line":398,"column":60}},"398":{"start":{"line":399,"column":0},"end":{"line":399,"column":26}},"399":{"start":{"line":400,"column":0},"end":{"line":400,"column":67}},"400":{"start":{"line":401,"column":0},"end":{"line":401,"column":98}},"402":{"start":{"line":403,"column":0},"end":{"line":403,"column":25}},"403":{"start":{"line":404,"column":0},"end":{"line":404,"column":28}},"404":{"start":{"line":405,"column":0},"end":{"line":405,"column":9}},"406":{"start":{"line":407,"column":0},"end":{"line":407,"column":31}},"407":{"start":{"line":408,"column":0},"end":{"line":408,"column":85}},"408":{"start":{"line":409,"column":0},"end":{"line":409,"column":31}},"409":{"start":{"line":410,"column":0},"end":{"line":410,"column":29}},"410":{"start":{"line":411,"column":0},"end":{"line":411,"column":51}},"411":{"start":{"line":412,"column":0},"end":{"line":412,"column":62}},"412":{"start":{"line":413,"column":0},"end":{"line":413,"column":46}},"413":{"start":{"line":414,"column":0},"end":{"line":414,"column":50}},"414":{"start":{"line":415,"column":0},"end":{"line":415,"column":53}},"415":{"start":{"line":416,"column":0},"end":{"line":416,"column":54}},"416":{"start":{"line":417,"column":0},"end":{"line":417,"column":47}},"417":{"start":{"line":418,"column":0},"end":{"line":418,"column":64}},"418":{"start":{"line":419,"column":0},"end":{"line":419,"column":65}},"419":{"start":{"line":420,"column":0},"end":{"line":420,"column":62}},"420":{"start":{"line":421,"column":0},"end":{"line":421,"column":58}},"421":{"start":{"line":422,"column":0},"end":{"line":422,"column":52}},"422":{"start":{"line":423,"column":0},"end":{"line":423,"column":67}},"423":{"start":{"line":424,"column":0},"end":{"line":424,"column":49}},"424":{"start":{"line":425,"column":0},"end":{"line":425,"column":67}},"425":{"start":{"line":426,"column":0},"end":{"line":426,"column":59}},"426":{"start":{"line":427,"column":0},"end":{"line":427,"column":65}},"427":{"start":{"line":428,"column":0},"end":{"line":428,"column":51}},"428":{"start":{"line":429,"column":0},"end":{"line":429,"column":12}},"430":{"start":{"line":431,"column":0},"end":{"line":431,"column":33}},"431":{"start":{"line":432,"column":0},"end":{"line":432,"column":115}},"433":{"start":{"line":434,"column":0},"end":{"line":434,"column":27}},"434":{"start":{"line":435,"column":0},"end":{"line":435,"column":9}},"435":{"start":{"line":436,"column":0},"end":{"line":436,"column":7}},"437":{"start":{"line":438,"column":0},"end":{"line":438,"column":33}},"438":{"start":{"line":439,"column":0},"end":{"line":439,"column":45}},"439":{"start":{"line":440,"column":0},"end":{"line":440,"column":66}},"440":{"start":{"line":441,"column":0},"end":{"line":441,"column":85}},"441":{"start":{"line":442,"column":0},"end":{"line":442,"column":26}},"442":{"start":{"line":443,"column":0},"end":{"line":443,"column":13}},"443":{"start":{"line":444,"column":0},"end":{"line":444,"column":95}},"444":{"start":{"line":445,"column":0},"end":{"line":445,"column":11}},"446":{"start":{"line":447,"column":0},"end":{"line":447,"column":93}},"447":{"start":{"line":448,"column":0},"end":{"line":448,"column":27}},"448":{"start":{"line":449,"column":0},"end":{"line":449,"column":16}},"449":{"start":{"line":450,"column":0},"end":{"line":450,"column":32}},"450":{"start":{"line":451,"column":0},"end":{"line":451,"column":76}},"451":{"start":{"line":452,"column":0},"end":{"line":452,"column":82}},"452":{"start":{"line":453,"column":0},"end":{"line":453,"column":76}},"453":{"start":{"line":454,"column":0},"end":{"line":454,"column":21}},"454":{"start":{"line":455,"column":0},"end":{"line":455,"column":48}},"455":{"start":{"line":456,"column":0},"end":{"line":456,"column":60}},"456":{"start":{"line":457,"column":0},"end":{"line":457,"column":48}},"457":{"start":{"line":458,"column":0},"end":{"line":458,"column":12}},"458":{"start":{"line":459,"column":0},"end":{"line":459,"column":69}},"459":{"start":{"line":460,"column":0},"end":{"line":460,"column":53}},"460":{"start":{"line":461,"column":0},"end":{"line":461,"column":65}},"461":{"start":{"line":462,"column":0},"end":{"line":462,"column":53}},"462":{"start":{"line":463,"column":0},"end":{"line":463,"column":61}},"463":{"start":{"line":464,"column":0},"end":{"line":464,"column":55}},"464":{"start":{"line":465,"column":0},"end":{"line":465,"column":71}},"465":{"start":{"line":466,"column":0},"end":{"line":466,"column":50}},"466":{"start":{"line":467,"column":0},"end":{"line":467,"column":59}},"467":{"start":{"line":468,"column":0},"end":{"line":468,"column":59}},"468":{"start":{"line":469,"column":0},"end":{"line":469,"column":65}},"469":{"start":{"line":470,"column":0},"end":{"line":470,"column":21}},"470":{"start":{"line":471,"column":0},"end":{"line":471,"column":10}},"472":{"start":{"line":473,"column":0},"end":{"line":473,"column":31}},"473":{"start":{"line":474,"column":0},"end":{"line":474,"column":67}},"474":{"start":{"line":475,"column":0},"end":{"line":475,"column":113}},"476":{"start":{"line":477,"column":0},"end":{"line":477,"column":25}},"477":{"start":{"line":478,"column":0},"end":{"line":478,"column":7}},"478":{"start":{"line":479,"column":0},"end":{"line":479,"column":54}},"479":{"start":{"line":480,"column":0},"end":{"line":480,"column":21}},"480":{"start":{"line":481,"column":0},"end":{"line":481,"column":80}},"481":{"start":{"line":482,"column":0},"end":{"line":482,"column":18}},"482":{"start":{"line":483,"column":0},"end":{"line":483,"column":5}},"483":{"start":{"line":484,"column":0},"end":{"line":484,"column":3}},"485":{"start":{"line":486,"column":0},"end":{"line":486,"column":5}},"487":{"start":{"line":488,"column":0},"end":{"line":488,"column":5}},"488":{"start":{"line":489,"column":0},"end":{"line":489,"column":22}},"489":{"start":{"line":490,"column":0},"end":{"line":490,"column":19}},"490":{"start":{"line":491,"column":0},"end":{"line":491,"column":50}},"491":{"start":{"line":492,"column":0},"end":{"line":492,"column":91}},"492":{"start":{"line":493,"column":0},"end":{"line":493,"column":82}},"493":{"start":{"line":494,"column":0},"end":{"line":494,"column":17}},"494":{"start":{"line":495,"column":0},"end":{"line":495,"column":93}},"497":{"start":{"line":498,"column":0},"end":{"line":498,"column":46}},"498":{"start":{"line":499,"column":0},"end":{"line":499,"column":41}},"499":{"start":{"line":500,"column":0},"end":{"line":500,"column":29}},"501":{"start":{"line":502,"column":0},"end":{"line":502,"column":95}},"502":{"start":{"line":503,"column":0},"end":{"line":503,"column":26}},"503":{"start":{"line":504,"column":0},"end":{"line":504,"column":60}},"504":{"start":{"line":505,"column":0},"end":{"line":505,"column":29}},"505":{"start":{"line":506,"column":0},"end":{"line":506,"column":97}},"506":{"start":{"line":507,"column":0},"end":{"line":507,"column":55}},"507":{"start":{"line":508,"column":0},"end":{"line":508,"column":76}},"508":{"start":{"line":509,"column":0},"end":{"line":509,"column":75}},"509":{"start":{"line":510,"column":0},"end":{"line":510,"column":53}},"510":{"start":{"line":511,"column":0},"end":{"line":511,"column":62}},"511":{"start":{"line":512,"column":0},"end":{"line":512,"column":16}},"512":{"start":{"line":513,"column":0},"end":{"line":513,"column":48}},"513":{"start":{"line":514,"column":0},"end":{"line":514,"column":34}},"514":{"start":{"line":515,"column":0},"end":{"line":515,"column":34}},"515":{"start":{"line":516,"column":0},"end":{"line":516,"column":41}},"516":{"start":{"line":517,"column":0},"end":{"line":517,"column":15}},"517":{"start":{"line":518,"column":0},"end":{"line":518,"column":26}},"518":{"start":{"line":519,"column":0},"end":{"line":519,"column":116}},"520":{"start":{"line":521,"column":0},"end":{"line":521,"column":22}},"521":{"start":{"line":522,"column":0},"end":{"line":522,"column":30}},"522":{"start":{"line":523,"column":0},"end":{"line":523,"column":45}},"523":{"start":{"line":524,"column":0},"end":{"line":524,"column":36}},"524":{"start":{"line":525,"column":0},"end":{"line":525,"column":16}},"525":{"start":{"line":526,"column":0},"end":{"line":526,"column":13}},"526":{"start":{"line":527,"column":0},"end":{"line":527,"column":72}},"527":{"start":{"line":528,"column":0},"end":{"line":528,"column":16}},"528":{"start":{"line":529,"column":0},"end":{"line":529,"column":85}},"529":{"start":{"line":530,"column":0},"end":{"line":530,"column":35}},"530":{"start":{"line":531,"column":0},"end":{"line":531,"column":52}},"531":{"start":{"line":532,"column":0},"end":{"line":532,"column":46}},"532":{"start":{"line":533,"column":0},"end":{"line":533,"column":15}},"533":{"start":{"line":534,"column":0},"end":{"line":534,"column":26}},"534":{"start":{"line":535,"column":0},"end":{"line":535,"column":123}},"536":{"start":{"line":537,"column":0},"end":{"line":537,"column":22}},"537":{"start":{"line":538,"column":0},"end":{"line":538,"column":30}},"538":{"start":{"line":539,"column":0},"end":{"line":539,"column":29}},"539":{"start":{"line":540,"column":0},"end":{"line":540,"column":36}},"540":{"start":{"line":541,"column":0},"end":{"line":541,"column":16}},"541":{"start":{"line":542,"column":0},"end":{"line":542,"column":13}},"542":{"start":{"line":543,"column":0},"end":{"line":543,"column":11}},"543":{"start":{"line":544,"column":0},"end":{"line":544,"column":9}},"544":{"start":{"line":545,"column":0},"end":{"line":545,"column":7}},"545":{"start":{"line":546,"column":0},"end":{"line":546,"column":5}},"547":{"start":{"line":548,"column":0},"end":{"line":548,"column":29}},"548":{"start":{"line":549,"column":0},"end":{"line":549,"column":42}},"549":{"start":{"line":550,"column":0},"end":{"line":550,"column":57}},"550":{"start":{"line":551,"column":0},"end":{"line":551,"column":59}},"551":{"start":{"line":552,"column":0},"end":{"line":552,"column":61}},"552":{"start":{"line":553,"column":0},"end":{"line":553,"column":61}},"553":{"start":{"line":554,"column":0},"end":{"line":554,"column":60}},"554":{"start":{"line":555,"column":0},"end":{"line":555,"column":61}},"555":{"start":{"line":556,"column":0},"end":{"line":556,"column":59}},"556":{"start":{"line":557,"column":0},"end":{"line":557,"column":60}},"557":{"start":{"line":558,"column":0},"end":{"line":558,"column":60}},"558":{"start":{"line":559,"column":0},"end":{"line":559,"column":59}},"559":{"start":{"line":560,"column":0},"end":{"line":560,"column":60}},"560":{"start":{"line":561,"column":0},"end":{"line":561,"column":8}},"562":{"start":{"line":563,"column":0},"end":{"line":563,"column":43}},"563":{"start":{"line":564,"column":0},"end":{"line":564,"column":16}},"564":{"start":{"line":565,"column":0},"end":{"line":565,"column":50}},"565":{"start":{"line":566,"column":0},"end":{"line":566,"column":39}},"566":{"start":{"line":567,"column":0},"end":{"line":567,"column":30}},"567":{"start":{"line":568,"column":0},"end":{"line":568,"column":10}},"568":{"start":{"line":569,"column":0},"end":{"line":569,"column":7}},"570":{"start":{"line":571,"column":0},"end":{"line":571,"column":51}},"571":{"start":{"line":572,"column":0},"end":{"line":572,"column":11}},"572":{"start":{"line":573,"column":0},"end":{"line":573,"column":98}},"573":{"start":{"line":574,"column":0},"end":{"line":574,"column":85}},"574":{"start":{"line":575,"column":0},"end":{"line":575,"column":53}},"575":{"start":{"line":576,"column":0},"end":{"line":576,"column":46}},"576":{"start":{"line":577,"column":0},"end":{"line":577,"column":82}},"577":{"start":{"line":578,"column":0},"end":{"line":578,"column":82}},"579":{"start":{"line":580,"column":0},"end":{"line":580,"column":25}},"580":{"start":{"line":581,"column":0},"end":{"line":581,"column":24}},"581":{"start":{"line":582,"column":0},"end":{"line":582,"column":110}},"583":{"start":{"line":584,"column":0},"end":{"line":584,"column":20}},"584":{"start":{"line":585,"column":0},"end":{"line":585,"column":50}},"585":{"start":{"line":586,"column":0},"end":{"line":586,"column":43}},"586":{"start":{"line":587,"column":0},"end":{"line":587,"column":34}},"587":{"start":{"line":588,"column":0},"end":{"line":588,"column":14}},"588":{"start":{"line":589,"column":0},"end":{"line":589,"column":11}},"589":{"start":{"line":590,"column":0},"end":{"line":590,"column":9}},"590":{"start":{"line":591,"column":0},"end":{"line":591,"column":23}},"591":{"start":{"line":592,"column":0},"end":{"line":592,"column":20}},"592":{"start":{"line":593,"column":0},"end":{"line":593,"column":85}},"593":{"start":{"line":594,"column":0},"end":{"line":594,"column":15}},"595":{"start":{"line":596,"column":0},"end":{"line":596,"column":7}},"596":{"start":{"line":597,"column":0},"end":{"line":597,"column":5}},"599":{"start":{"line":600,"column":0},"end":{"line":600,"column":49}},"600":{"start":{"line":601,"column":0},"end":{"line":601,"column":59}},"601":{"start":{"line":602,"column":0},"end":{"line":602,"column":66}},"602":{"start":{"line":603,"column":0},"end":{"line":603,"column":59}},"603":{"start":{"line":604,"column":0},"end":{"line":604,"column":59}},"604":{"start":{"line":605,"column":0},"end":{"line":605,"column":58}},"605":{"start":{"line":606,"column":0},"end":{"line":606,"column":59}},"606":{"start":{"line":607,"column":0},"end":{"line":607,"column":58}},"607":{"start":{"line":608,"column":0},"end":{"line":608,"column":59}},"608":{"start":{"line":609,"column":0},"end":{"line":609,"column":8}},"610":{"start":{"line":611,"column":0},"end":{"line":611,"column":45}},"611":{"start":{"line":612,"column":0},"end":{"line":612,"column":16}},"612":{"start":{"line":613,"column":0},"end":{"line":613,"column":52}},"613":{"start":{"line":614,"column":0},"end":{"line":614,"column":41}},"614":{"start":{"line":615,"column":0},"end":{"line":615,"column":30}},"615":{"start":{"line":616,"column":0},"end":{"line":616,"column":10}},"616":{"start":{"line":617,"column":0},"end":{"line":617,"column":7}},"618":{"start":{"line":619,"column":0},"end":{"line":619,"column":53}},"619":{"start":{"line":620,"column":0},"end":{"line":620,"column":11}},"620":{"start":{"line":621,"column":0},"end":{"line":621,"column":98}},"621":{"start":{"line":622,"column":0},"end":{"line":622,"column":85}},"622":{"start":{"line":623,"column":0},"end":{"line":623,"column":46}},"623":{"start":{"line":624,"column":0},"end":{"line":624,"column":20}},"624":{"start":{"line":625,"column":0},"end":{"line":625,"column":23}},"625":{"start":{"line":626,"column":0},"end":{"line":626,"column":60}},"626":{"start":{"line":627,"column":0},"end":{"line":627,"column":67}},"628":{"start":{"line":629,"column":0},"end":{"line":629,"column":82}},"630":{"start":{"line":631,"column":0},"end":{"line":631,"column":25}},"631":{"start":{"line":632,"column":0},"end":{"line":632,"column":24}},"632":{"start":{"line":633,"column":0},"end":{"line":633,"column":122}},"634":{"start":{"line":635,"column":0},"end":{"line":635,"column":20}},"635":{"start":{"line":636,"column":0},"end":{"line":636,"column":50}},"636":{"start":{"line":637,"column":0},"end":{"line":637,"column":45}},"637":{"start":{"line":638,"column":0},"end":{"line":638,"column":34}},"638":{"start":{"line":639,"column":0},"end":{"line":639,"column":14}},"639":{"start":{"line":640,"column":0},"end":{"line":640,"column":11}},"640":{"start":{"line":641,"column":0},"end":{"line":641,"column":9}},"641":{"start":{"line":642,"column":0},"end":{"line":642,"column":23}},"642":{"start":{"line":643,"column":0},"end":{"line":643,"column":20}},"643":{"start":{"line":644,"column":0},"end":{"line":644,"column":97}},"644":{"start":{"line":645,"column":0},"end":{"line":645,"column":15}},"646":{"start":{"line":647,"column":0},"end":{"line":647,"column":7}},"647":{"start":{"line":648,"column":0},"end":{"line":648,"column":5}},"650":{"start":{"line":651,"column":0},"end":{"line":651,"column":45}},"651":{"start":{"line":652,"column":0},"end":{"line":652,"column":55}},"652":{"start":{"line":653,"column":0},"end":{"line":653,"column":70}},"653":{"start":{"line":654,"column":0},"end":{"line":654,"column":59}},"654":{"start":{"line":655,"column":0},"end":{"line":655,"column":59}},"655":{"start":{"line":656,"column":0},"end":{"line":656,"column":8}},"657":{"start":{"line":658,"column":0},"end":{"line":658,"column":41}},"658":{"start":{"line":659,"column":0},"end":{"line":659,"column":16}},"659":{"start":{"line":660,"column":0},"end":{"line":660,"column":48}},"660":{"start":{"line":661,"column":0},"end":{"line":661,"column":37}},"661":{"start":{"line":662,"column":0},"end":{"line":662,"column":30}},"662":{"start":{"line":663,"column":0},"end":{"line":663,"column":10}},"663":{"start":{"line":664,"column":0},"end":{"line":664,"column":7}},"665":{"start":{"line":666,"column":0},"end":{"line":666,"column":49}},"666":{"start":{"line":667,"column":0},"end":{"line":667,"column":11}},"667":{"start":{"line":668,"column":0},"end":{"line":668,"column":98}},"668":{"start":{"line":669,"column":0},"end":{"line":669,"column":85}},"669":{"start":{"line":670,"column":0},"end":{"line":670,"column":46}},"670":{"start":{"line":671,"column":0},"end":{"line":671,"column":20}},"671":{"start":{"line":672,"column":0},"end":{"line":672,"column":23}},"672":{"start":{"line":673,"column":0},"end":{"line":673,"column":56}},"673":{"start":{"line":674,"column":0},"end":{"line":674,"column":67}},"675":{"start":{"line":676,"column":0},"end":{"line":676,"column":82}},"677":{"start":{"line":678,"column":0},"end":{"line":678,"column":25}},"678":{"start":{"line":679,"column":0},"end":{"line":679,"column":24}},"679":{"start":{"line":680,"column":0},"end":{"line":680,"column":118}},"681":{"start":{"line":682,"column":0},"end":{"line":682,"column":20}},"682":{"start":{"line":683,"column":0},"end":{"line":683,"column":50}},"683":{"start":{"line":684,"column":0},"end":{"line":684,"column":41}},"684":{"start":{"line":685,"column":0},"end":{"line":685,"column":34}},"685":{"start":{"line":686,"column":0},"end":{"line":686,"column":14}},"686":{"start":{"line":687,"column":0},"end":{"line":687,"column":11}},"687":{"start":{"line":688,"column":0},"end":{"line":688,"column":9}},"688":{"start":{"line":689,"column":0},"end":{"line":689,"column":23}},"689":{"start":{"line":690,"column":0},"end":{"line":690,"column":20}},"690":{"start":{"line":691,"column":0},"end":{"line":691,"column":93}},"691":{"start":{"line":692,"column":0},"end":{"line":692,"column":15}},"693":{"start":{"line":694,"column":0},"end":{"line":694,"column":7}},"694":{"start":{"line":695,"column":0},"end":{"line":695,"column":5}},"696":{"start":{"line":697,"column":0},"end":{"line":697,"column":99}},"697":{"start":{"line":698,"column":0},"end":{"line":698,"column":16}},"698":{"start":{"line":699,"column":0},"end":{"line":699,"column":3}},"700":{"start":{"line":701,"column":0},"end":{"line":701,"column":5}},"702":{"start":{"line":703,"column":0},"end":{"line":703,"column":5}},"703":{"start":{"line":704,"column":0},"end":{"line":704,"column":79}},"704":{"start":{"line":705,"column":0},"end":{"line":705,"column":63}},"705":{"start":{"line":706,"column":0},"end":{"line":706,"column":9}},"706":{"start":{"line":707,"column":0},"end":{"line":707,"column":26}},"707":{"start":{"line":708,"column":0},"end":{"line":708,"column":62}},"708":{"start":{"line":709,"column":0},"end":{"line":709,"column":72}},"710":{"start":{"line":711,"column":0},"end":{"line":711,"column":24}},"711":{"start":{"line":712,"column":0},"end":{"line":712,"column":46}},"712":{"start":{"line":713,"column":0},"end":{"line":713,"column":7}},"714":{"start":{"line":715,"column":0},"end":{"line":715,"column":42}},"715":{"start":{"line":716,"column":0},"end":{"line":716,"column":72}},"716":{"start":{"line":717,"column":0},"end":{"line":717,"column":25}},"717":{"start":{"line":718,"column":0},"end":{"line":718,"column":26}},"718":{"start":{"line":719,"column":0},"end":{"line":719,"column":100}},"719":{"start":{"line":720,"column":0},"end":{"line":720,"column":27}},"720":{"start":{"line":721,"column":0},"end":{"line":721,"column":7}},"722":{"start":{"line":723,"column":0},"end":{"line":723,"column":26}},"723":{"start":{"line":724,"column":0},"end":{"line":724,"column":45}},"724":{"start":{"line":725,"column":0},"end":{"line":725,"column":73}},"725":{"start":{"line":726,"column":0},"end":{"line":726,"column":26}},"726":{"start":{"line":727,"column":0},"end":{"line":727,"column":11}},"728":{"start":{"line":729,"column":0},"end":{"line":729,"column":26}},"729":{"start":{"line":730,"column":0},"end":{"line":730,"column":94}},"731":{"start":{"line":732,"column":0},"end":{"line":732,"column":21}},"732":{"start":{"line":733,"column":0},"end":{"line":733,"column":7}},"733":{"start":{"line":734,"column":0},"end":{"line":734,"column":73}},"734":{"start":{"line":735,"column":0},"end":{"line":735,"column":21}},"735":{"start":{"line":736,"column":0},"end":{"line":736,"column":79}},"736":{"start":{"line":737,"column":0},"end":{"line":737,"column":15}},"737":{"start":{"line":738,"column":0},"end":{"line":738,"column":5}},"738":{"start":{"line":739,"column":0},"end":{"line":739,"column":3}},"740":{"start":{"line":741,"column":0},"end":{"line":741,"column":5}},"742":{"start":{"line":743,"column":0},"end":{"line":743,"column":5}},"743":{"start":{"line":744,"column":0},"end":{"line":744,"column":81}},"744":{"start":{"line":745,"column":0},"end":{"line":745,"column":58}},"745":{"start":{"line":746,"column":0},"end":{"line":746,"column":9}},"746":{"start":{"line":747,"column":0},"end":{"line":747,"column":78}},"748":{"start":{"line":749,"column":0},"end":{"line":749,"column":35}},"750":{"start":{"line":751,"column":0},"end":{"line":751,"column":28}},"751":{"start":{"line":752,"column":0},"end":{"line":752,"column":65}},"753":{"start":{"line":754,"column":0},"end":{"line":754,"column":93}},"754":{"start":{"line":755,"column":0},"end":{"line":755,"column":21}},"755":{"start":{"line":756,"column":0},"end":{"line":756,"column":7}},"757":{"start":{"line":758,"column":0},"end":{"line":758,"column":44}},"759":{"start":{"line":760,"column":0},"end":{"line":760,"column":24}},"760":{"start":{"line":761,"column":0},"end":{"line":761,"column":87}},"761":{"start":{"line":762,"column":0},"end":{"line":762,"column":21}},"762":{"start":{"line":763,"column":0},"end":{"line":763,"column":7}},"764":{"start":{"line":765,"column":0},"end":{"line":765,"column":25}},"765":{"start":{"line":766,"column":0},"end":{"line":766,"column":83}},"766":{"start":{"line":767,"column":0},"end":{"line":767,"column":21}},"767":{"start":{"line":768,"column":0},"end":{"line":768,"column":7}},"769":{"start":{"line":770,"column":0},"end":{"line":770,"column":49}},"770":{"start":{"line":771,"column":0},"end":{"line":771,"column":57}},"771":{"start":{"line":772,"column":0},"end":{"line":772,"column":21}},"772":{"start":{"line":773,"column":0},"end":{"line":773,"column":7}},"774":{"start":{"line":775,"column":0},"end":{"line":775,"column":36}},"775":{"start":{"line":776,"column":0},"end":{"line":776,"column":57}},"776":{"start":{"line":777,"column":0},"end":{"line":777,"column":21}},"777":{"start":{"line":778,"column":0},"end":{"line":778,"column":7}},"779":{"start":{"line":780,"column":0},"end":{"line":780,"column":18}},"780":{"start":{"line":781,"column":0},"end":{"line":781,"column":21}},"781":{"start":{"line":782,"column":0},"end":{"line":782,"column":87}},"782":{"start":{"line":783,"column":0},"end":{"line":783,"column":19}},"783":{"start":{"line":784,"column":0},"end":{"line":784,"column":5}},"784":{"start":{"line":785,"column":0},"end":{"line":785,"column":3}},"786":{"start":{"line":787,"column":0},"end":{"line":787,"column":5}},"788":{"start":{"line":789,"column":0},"end":{"line":789,"column":5}},"789":{"start":{"line":790,"column":0},"end":{"line":790,"column":30}},"790":{"start":{"line":791,"column":0},"end":{"line":791,"column":18}},"791":{"start":{"line":792,"column":0},"end":{"line":792,"column":24}},"792":{"start":{"line":793,"column":0},"end":{"line":793,"column":41}},"793":{"start":{"line":794,"column":0},"end":{"line":794,"column":70}},"794":{"start":{"line":795,"column":0},"end":{"line":795,"column":9}},"795":{"start":{"line":796,"column":0},"end":{"line":796,"column":26}},"796":{"start":{"line":797,"column":0},"end":{"line":797,"column":66}},"797":{"start":{"line":798,"column":0},"end":{"line":798,"column":83}},"799":{"start":{"line":800,"column":0},"end":{"line":800,"column":23}},"800":{"start":{"line":801,"column":0},"end":{"line":801,"column":26}},"801":{"start":{"line":802,"column":0},"end":{"line":802,"column":7}},"803":{"start":{"line":804,"column":0},"end":{"line":804,"column":68}},"804":{"start":{"line":805,"column":0},"end":{"line":805,"column":45}},"805":{"start":{"line":806,"column":0},"end":{"line":806,"column":31}},"806":{"start":{"line":807,"column":0},"end":{"line":807,"column":83}},"807":{"start":{"line":808,"column":0},"end":{"line":808,"column":24}},"808":{"start":{"line":809,"column":0},"end":{"line":809,"column":11}},"810":{"start":{"line":811,"column":0},"end":{"line":811,"column":45}},"811":{"start":{"line":812,"column":0},"end":{"line":812,"column":43}},"812":{"start":{"line":813,"column":0},"end":{"line":813,"column":49}},"814":{"start":{"line":815,"column":0},"end":{"line":815,"column":13}},"815":{"start":{"line":816,"column":0},"end":{"line":816,"column":87}},"816":{"start":{"line":817,"column":0},"end":{"line":817,"column":28}},"817":{"start":{"line":818,"column":0},"end":{"line":818,"column":26}},"818":{"start":{"line":819,"column":0},"end":{"line":819,"column":13}},"820":{"start":{"line":821,"column":0},"end":{"line":821,"column":89}},"821":{"start":{"line":822,"column":0},"end":{"line":822,"column":28}},"822":{"start":{"line":823,"column":0},"end":{"line":823,"column":26}},"823":{"start":{"line":824,"column":0},"end":{"line":824,"column":13}},"824":{"start":{"line":825,"column":0},"end":{"line":825,"column":25}},"825":{"start":{"line":826,"column":0},"end":{"line":826,"column":80}},"826":{"start":{"line":827,"column":0},"end":{"line":827,"column":22}},"827":{"start":{"line":828,"column":0},"end":{"line":828,"column":9}},"829":{"start":{"line":830,"column":0},"end":{"line":830,"column":22}},"831":{"start":{"line":832,"column":0},"end":{"line":832,"column":38}},"832":{"start":{"line":833,"column":0},"end":{"line":833,"column":93}},"834":{"start":{"line":835,"column":0},"end":{"line":835,"column":63}},"835":{"start":{"line":836,"column":0},"end":{"line":836,"column":34}},"836":{"start":{"line":837,"column":0},"end":{"line":837,"column":39}},"838":{"start":{"line":839,"column":0},"end":{"line":839,"column":32}},"839":{"start":{"line":840,"column":0},"end":{"line":840,"column":15}},"840":{"start":{"line":841,"column":0},"end":{"line":841,"column":83}},"841":{"start":{"line":842,"column":0},"end":{"line":842,"column":29}},"842":{"start":{"line":843,"column":0},"end":{"line":843,"column":15}},"844":{"start":{"line":845,"column":0},"end":{"line":845,"column":43}},"845":{"start":{"line":846,"column":0},"end":{"line":846,"column":82}},"846":{"start":{"line":847,"column":0},"end":{"line":847,"column":38}},"847":{"start":{"line":848,"column":0},"end":{"line":848,"column":35}},"848":{"start":{"line":849,"column":0},"end":{"line":849,"column":66}},"849":{"start":{"line":850,"column":0},"end":{"line":850,"column":56}},"850":{"start":{"line":851,"column":0},"end":{"line":851,"column":58}},"851":{"start":{"line":852,"column":0},"end":{"line":852,"column":16}},"852":{"start":{"line":853,"column":0},"end":{"line":853,"column":33}},"853":{"start":{"line":854,"column":0},"end":{"line":854,"column":46}},"854":{"start":{"line":855,"column":0},"end":{"line":855,"column":88}},"855":{"start":{"line":856,"column":0},"end":{"line":856,"column":18}},"857":{"start":{"line":858,"column":0},"end":{"line":858,"column":44}},"858":{"start":{"line":859,"column":0},"end":{"line":859,"column":62}},"859":{"start":{"line":860,"column":0},"end":{"line":860,"column":65}},"860":{"start":{"line":861,"column":0},"end":{"line":861,"column":33}},"861":{"start":{"line":862,"column":0},"end":{"line":862,"column":83}},"862":{"start":{"line":863,"column":0},"end":{"line":863,"column":66}},"863":{"start":{"line":864,"column":0},"end":{"line":864,"column":22}},"864":{"start":{"line":865,"column":0},"end":{"line":865,"column":27}},"865":{"start":{"line":866,"column":0},"end":{"line":866,"column":82}},"866":{"start":{"line":867,"column":0},"end":{"line":867,"column":43}},"867":{"start":{"line":868,"column":0},"end":{"line":868,"column":11}},"868":{"start":{"line":869,"column":0},"end":{"line":869,"column":9}},"870":{"start":{"line":871,"column":0},"end":{"line":871,"column":53}},"871":{"start":{"line":872,"column":0},"end":{"line":872,"column":59}},"873":{"start":{"line":874,"column":0},"end":{"line":874,"column":50}},"874":{"start":{"line":875,"column":0},"end":{"line":875,"column":69}},"875":{"start":{"line":876,"column":0},"end":{"line":876,"column":61}},"876":{"start":{"line":877,"column":0},"end":{"line":877,"column":57}},"879":{"start":{"line":880,"column":0},"end":{"line":880,"column":51}},"880":{"start":{"line":881,"column":0},"end":{"line":881,"column":18}},"881":{"start":{"line":882,"column":0},"end":{"line":882,"column":34}},"882":{"start":{"line":883,"column":0},"end":{"line":883,"column":85}},"883":{"start":{"line":884,"column":0},"end":{"line":884,"column":91}},"884":{"start":{"line":885,"column":0},"end":{"line":885,"column":69}},"885":{"start":{"line":886,"column":0},"end":{"line":886,"column":58}},"886":{"start":{"line":887,"column":0},"end":{"line":887,"column":12}},"887":{"start":{"line":888,"column":0},"end":{"line":888,"column":38}},"888":{"start":{"line":889,"column":0},"end":{"line":889,"column":36}},"889":{"start":{"line":890,"column":0},"end":{"line":890,"column":34}},"890":{"start":{"line":891,"column":0},"end":{"line":891,"column":27}},"891":{"start":{"line":892,"column":0},"end":{"line":892,"column":23}},"892":{"start":{"line":893,"column":0},"end":{"line":893,"column":33}},"893":{"start":{"line":894,"column":0},"end":{"line":894,"column":26}},"894":{"start":{"line":895,"column":0},"end":{"line":895,"column":30}},"895":{"start":{"line":896,"column":0},"end":{"line":896,"column":28}},"896":{"start":{"line":897,"column":0},"end":{"line":897,"column":10}},"898":{"start":{"line":899,"column":0},"end":{"line":899,"column":35}},"899":{"start":{"line":900,"column":0},"end":{"line":900,"column":104}},"901":{"start":{"line":902,"column":0},"end":{"line":902,"column":29}},"902":{"start":{"line":903,"column":0},"end":{"line":903,"column":7}},"903":{"start":{"line":904,"column":0},"end":{"line":904,"column":79}},"904":{"start":{"line":905,"column":0},"end":{"line":905,"column":21}},"905":{"start":{"line":906,"column":0},"end":{"line":906,"column":86}},"906":{"start":{"line":907,"column":0},"end":{"line":907,"column":18}},"907":{"start":{"line":908,"column":0},"end":{"line":908,"column":5}},"908":{"start":{"line":909,"column":0},"end":{"line":909,"column":3}},"910":{"start":{"line":911,"column":0},"end":{"line":911,"column":5}},"912":{"start":{"line":913,"column":0},"end":{"line":913,"column":5}},"913":{"start":{"line":914,"column":0},"end":{"line":914,"column":87}},"914":{"start":{"line":915,"column":0},"end":{"line":915,"column":61}},"915":{"start":{"line":916,"column":0},"end":{"line":916,"column":44}},"916":{"start":{"line":917,"column":0},"end":{"line":917,"column":23}},"917":{"start":{"line":918,"column":0},"end":{"line":918,"column":7}},"918":{"start":{"line":919,"column":0},"end":{"line":919,"column":22}},"919":{"start":{"line":920,"column":0},"end":{"line":920,"column":59}},"920":{"start":{"line":921,"column":0},"end":{"line":921,"column":8}},"921":{"start":{"line":922,"column":0},"end":{"line":922,"column":74}},"922":{"start":{"line":923,"column":0},"end":{"line":923,"column":74}},"923":{"start":{"line":924,"column":0},"end":{"line":924,"column":74}},"924":{"start":{"line":925,"column":0},"end":{"line":925,"column":74}},"925":{"start":{"line":926,"column":0},"end":{"line":926,"column":7}},"926":{"start":{"line":927,"column":0},"end":{"line":927,"column":22}},"927":{"start":{"line":928,"column":0},"end":{"line":928,"column":59}},"928":{"start":{"line":929,"column":0},"end":{"line":929,"column":8}},"929":{"start":{"line":930,"column":0},"end":{"line":930,"column":6}},"931":{"start":{"line":932,"column":0},"end":{"line":932,"column":46}},"932":{"start":{"line":933,"column":0},"end":{"line":933,"column":34}},"933":{"start":{"line":934,"column":0},"end":{"line":934,"column":41}},"934":{"start":{"line":935,"column":0},"end":{"line":935,"column":79}},"936":{"start":{"line":937,"column":0},"end":{"line":937,"column":36}},"937":{"start":{"line":938,"column":0},"end":{"line":938,"column":22}},"938":{"start":{"line":939,"column":0},"end":{"line":939,"column":5}},"940":{"start":{"line":941,"column":0},"end":{"line":941,"column":98}},"942":{"start":{"line":943,"column":0},"end":{"line":943,"column":63}},"943":{"start":{"line":944,"column":0},"end":{"line":944,"column":65}},"945":{"start":{"line":946,"column":0},"end":{"line":946,"column":44}},"946":{"start":{"line":947,"column":0},"end":{"line":947,"column":26}},"947":{"start":{"line":948,"column":0},"end":{"line":948,"column":5}},"948":{"start":{"line":949,"column":0},"end":{"line":949,"column":44}},"949":{"start":{"line":950,"column":0},"end":{"line":950,"column":26}},"950":{"start":{"line":951,"column":0},"end":{"line":951,"column":5}},"951":{"start":{"line":952,"column":0},"end":{"line":952,"column":20}},"952":{"start":{"line":953,"column":0},"end":{"line":953,"column":3}},"954":{"start":{"line":955,"column":0},"end":{"line":955,"column":70}},"956":{"start":{"line":957,"column":0},"end":{"line":957,"column":5}},"958":{"start":{"line":959,"column":0},"end":{"line":959,"column":5}},"959":{"start":{"line":960,"column":0},"end":{"line":960,"column":96}},"960":{"start":{"line":961,"column":0},"end":{"line":961,"column":68}},"961":{"start":{"line":962,"column":0},"end":{"line":962,"column":9}},"962":{"start":{"line":963,"column":0},"end":{"line":963,"column":79}},"964":{"start":{"line":965,"column":0},"end":{"line":965,"column":45}},"965":{"start":{"line":966,"column":0},"end":{"line":966,"column":14}},"966":{"start":{"line":967,"column":0},"end":{"line":967,"column":30}},"967":{"start":{"line":968,"column":0},"end":{"line":968,"column":29}},"968":{"start":{"line":969,"column":0},"end":{"line":969,"column":33}},"969":{"start":{"line":970,"column":0},"end":{"line":970,"column":37}},"970":{"start":{"line":971,"column":0},"end":{"line":971,"column":53}},"971":{"start":{"line":972,"column":0},"end":{"line":972,"column":36}},"972":{"start":{"line":973,"column":0},"end":{"line":973,"column":42}},"973":{"start":{"line":974,"column":0},"end":{"line":974,"column":46}},"974":{"start":{"line":975,"column":0},"end":{"line":975,"column":35}},"975":{"start":{"line":976,"column":0},"end":{"line":976,"column":49}},"976":{"start":{"line":977,"column":0},"end":{"line":977,"column":51}},"977":{"start":{"line":978,"column":0},"end":{"line":978,"column":37}},"978":{"start":{"line":979,"column":0},"end":{"line":979,"column":30}},"979":{"start":{"line":980,"column":0},"end":{"line":980,"column":30}},"980":{"start":{"line":981,"column":0},"end":{"line":981,"column":8}},"982":{"start":{"line":983,"column":0},"end":{"line":983,"column":24}},"983":{"start":{"line":984,"column":0},"end":{"line":984,"column":52}},"985":{"start":{"line":986,"column":0},"end":{"line":986,"column":19}},"986":{"start":{"line":987,"column":0},"end":{"line":987,"column":25}},"989":{"start":{"line":990,"column":0},"end":{"line":990,"column":12}},"991":{"start":{"line":992,"column":0},"end":{"line":992,"column":25}},"992":{"start":{"line":993,"column":0},"end":{"line":993,"column":21}},"993":{"start":{"line":994,"column":0},"end":{"line":994,"column":83}},"994":{"start":{"line":995,"column":0},"end":{"line":995,"column":18}},"995":{"start":{"line":996,"column":0},"end":{"line":996,"column":5}},"996":{"start":{"line":997,"column":0},"end":{"line":997,"column":3}},"998":{"start":{"line":999,"column":0},"end":{"line":999,"column":5}},"1000":{"start":{"line":1001,"column":0},"end":{"line":1001,"column":5}},"1001":{"start":{"line":1002,"column":0},"end":{"line":1002,"column":55}},"1002":{"start":{"line":1003,"column":0},"end":{"line":1003,"column":50}},"1003":{"start":{"line":1004,"column":0},"end":{"line":1004,"column":33}},"1005":{"start":{"line":1006,"column":0},"end":{"line":1006,"column":32}},"1006":{"start":{"line":1007,"column":0},"end":{"line":1007,"column":43}},"1007":{"start":{"line":1008,"column":0},"end":{"line":1008,"column":47}},"1009":{"start":{"line":1010,"column":0},"end":{"line":1010,"column":33}},"1010":{"start":{"line":1011,"column":0},"end":{"line":1011,"column":50}},"1011":{"start":{"line":1012,"column":0},"end":{"line":1012,"column":47}},"1013":{"start":{"line":1014,"column":0},"end":{"line":1014,"column":29}},"1014":{"start":{"line":1015,"column":0},"end":{"line":1015,"column":37}},"1015":{"start":{"line":1016,"column":0},"end":{"line":1016,"column":41}},"1017":{"start":{"line":1018,"column":0},"end":{"line":1018,"column":40}},"1018":{"start":{"line":1019,"column":0},"end":{"line":1019,"column":35}},"1019":{"start":{"line":1020,"column":0},"end":{"line":1020,"column":34}},"1020":{"start":{"line":1021,"column":0},"end":{"line":1021,"column":37}},"1021":{"start":{"line":1022,"column":0},"end":{"line":1022,"column":44}},"1023":{"start":{"line":1024,"column":0},"end":{"line":1024,"column":26}},"1024":{"start":{"line":1025,"column":0},"end":{"line":1025,"column":45}},"1025":{"start":{"line":1026,"column":0},"end":{"line":1026,"column":3}},"1027":{"start":{"line":1028,"column":0},"end":{"line":1028,"column":5}},"1029":{"start":{"line":1030,"column":0},"end":{"line":1030,"column":5}},"1030":{"start":{"line":1031,"column":0},"end":{"line":1031,"column":82}},"1031":{"start":{"line":1032,"column":0},"end":{"line":1032,"column":72}},"1032":{"start":{"line":1033,"column":0},"end":{"line":1033,"column":63}},"1034":{"start":{"line":1035,"column":0},"end":{"line":1035,"column":19}},"1035":{"start":{"line":1036,"column":0},"end":{"line":1036,"column":47}},"1036":{"start":{"line":1037,"column":0},"end":{"line":1037,"column":67}},"1037":{"start":{"line":1038,"column":0},"end":{"line":1038,"column":13}},"1038":{"start":{"line":1039,"column":0},"end":{"line":1039,"column":5}},"1040":{"start":{"line":1041,"column":0},"end":{"line":1041,"column":21}},"1041":{"start":{"line":1042,"column":0},"end":{"line":1042,"column":48}},"1042":{"start":{"line":1043,"column":0},"end":{"line":1043,"column":17}},"1043":{"start":{"line":1044,"column":0},"end":{"line":1044,"column":61}},"1044":{"start":{"line":1045,"column":0},"end":{"line":1045,"column":92}},"1045":{"start":{"line":1046,"column":0},"end":{"line":1046,"column":26}},"1046":{"start":{"line":1047,"column":0},"end":{"line":1047,"column":84}},"1047":{"start":{"line":1048,"column":0},"end":{"line":1048,"column":43}},"1048":{"start":{"line":1049,"column":0},"end":{"line":1049,"column":65}},"1049":{"start":{"line":1050,"column":0},"end":{"line":1050,"column":6}},"1051":{"start":{"line":1052,"column":0},"end":{"line":1052,"column":28}},"1052":{"start":{"line":1053,"column":0},"end":{"line":1053,"column":55}},"1054":{"start":{"line":1055,"column":0},"end":{"line":1055,"column":28}},"1055":{"start":{"line":1056,"column":0},"end":{"line":1056,"column":53}},"1056":{"start":{"line":1057,"column":0},"end":{"line":1057,"column":15}},"1057":{"start":{"line":1058,"column":0},"end":{"line":1058,"column":30}},"1058":{"start":{"line":1059,"column":0},"end":{"line":1059,"column":28}},"1059":{"start":{"line":1060,"column":0},"end":{"line":1060,"column":6}},"1061":{"start":{"line":1062,"column":0},"end":{"line":1062,"column":60}},"1062":{"start":{"line":1063,"column":0},"end":{"line":1063,"column":3}},"1064":{"start":{"line":1065,"column":0},"end":{"line":1065,"column":5}},"1066":{"start":{"line":1067,"column":0},"end":{"line":1067,"column":5}},"1067":{"start":{"line":1068,"column":0},"end":{"line":1068,"column":92}},"1068":{"start":{"line":1069,"column":0},"end":{"line":1069,"column":69}},"1069":{"start":{"line":1070,"column":0},"end":{"line":1070,"column":21}},"1070":{"start":{"line":1071,"column":0},"end":{"line":1071,"column":31}},"1071":{"start":{"line":1072,"column":0},"end":{"line":1072,"column":39}},"1073":{"start":{"line":1074,"column":0},"end":{"line":1074,"column":29}},"1074":{"start":{"line":1075,"column":0},"end":{"line":1075,"column":26}},"1075":{"start":{"line":1076,"column":0},"end":{"line":1076,"column":99}},"1077":{"start":{"line":1078,"column":0},"end":{"line":1078,"column":73}},"1078":{"start":{"line":1079,"column":0},"end":{"line":1079,"column":36}},"1079":{"start":{"line":1080,"column":0},"end":{"line":1080,"column":60}},"1081":{"start":{"line":1082,"column":0},"end":{"line":1082,"column":32}},"1082":{"start":{"line":1083,"column":0},"end":{"line":1083,"column":25}},"1083":{"start":{"line":1084,"column":0},"end":{"line":1084,"column":100}},"1085":{"start":{"line":1086,"column":0},"end":{"line":1086,"column":35}},"1086":{"start":{"line":1087,"column":0},"end":{"line":1087,"column":47}},"1088":{"start":{"line":1089,"column":0},"end":{"line":1089,"column":34}},"1089":{"start":{"line":1090,"column":0},"end":{"line":1090,"column":93}},"1091":{"start":{"line":1092,"column":0},"end":{"line":1092,"column":26}},"1092":{"start":{"line":1093,"column":0},"end":{"line":1093,"column":53}},"1093":{"start":{"line":1094,"column":0},"end":{"line":1094,"column":3}},"1095":{"start":{"line":1096,"column":0},"end":{"line":1096,"column":65}},"1097":{"start":{"line":1098,"column":0},"end":{"line":1098,"column":5}},"1099":{"start":{"line":1100,"column":0},"end":{"line":1100,"column":5}},"1100":{"start":{"line":1101,"column":0},"end":{"line":1101,"column":43}},"1101":{"start":{"line":1102,"column":0},"end":{"line":1102,"column":25}},"1102":{"start":{"line":1103,"column":0},"end":{"line":1103,"column":17}},"1103":{"start":{"line":1104,"column":0},"end":{"line":1104,"column":39}},"1104":{"start":{"line":1105,"column":0},"end":{"line":1105,"column":79}},"1105":{"start":{"line":1106,"column":0},"end":{"line":1106,"column":9}},"1106":{"start":{"line":1107,"column":0},"end":{"line":1107,"column":37}},"1107":{"start":{"line":1108,"column":0},"end":{"line":1108,"column":81}},"1109":{"start":{"line":1110,"column":0},"end":{"line":1110,"column":37}},"1110":{"start":{"line":1111,"column":0},"end":{"line":1111,"column":30}},"1111":{"start":{"line":1112,"column":0},"end":{"line":1112,"column":79}},"1113":{"start":{"line":1114,"column":0},"end":{"line":1114,"column":54}},"1114":{"start":{"line":1115,"column":0},"end":{"line":1115,"column":28}},"1115":{"start":{"line":1116,"column":0},"end":{"line":1116,"column":16}},"1116":{"start":{"line":1117,"column":0},"end":{"line":1117,"column":32}},"1117":{"start":{"line":1118,"column":0},"end":{"line":1118,"column":35}},"1118":{"start":{"line":1119,"column":0},"end":{"line":1119,"column":39}},"1119":{"start":{"line":1120,"column":0},"end":{"line":1120,"column":43}},"1120":{"start":{"line":1121,"column":0},"end":{"line":1121,"column":59}},"1121":{"start":{"line":1122,"column":0},"end":{"line":1122,"column":42}},"1122":{"start":{"line":1123,"column":0},"end":{"line":1123,"column":55}},"1123":{"start":{"line":1124,"column":0},"end":{"line":1124,"column":48}},"1124":{"start":{"line":1125,"column":0},"end":{"line":1125,"column":41}},"1125":{"start":{"line":1126,"column":0},"end":{"line":1126,"column":32}},"1126":{"start":{"line":1127,"column":0},"end":{"line":1127,"column":32}},"1127":{"start":{"line":1128,"column":0},"end":{"line":1128,"column":10}},"1129":{"start":{"line":1130,"column":0},"end":{"line":1130,"column":35}},"1130":{"start":{"line":1131,"column":0},"end":{"line":1131,"column":31}},"1131":{"start":{"line":1132,"column":0},"end":{"line":1132,"column":61}},"1132":{"start":{"line":1133,"column":0},"end":{"line":1133,"column":9}},"1133":{"start":{"line":1134,"column":0},"end":{"line":1134,"column":7}},"1135":{"start":{"line":1136,"column":0},"end":{"line":1136,"column":30}},"1136":{"start":{"line":1137,"column":0},"end":{"line":1137,"column":21}},"1137":{"start":{"line":1138,"column":0},"end":{"line":1138,"column":83}},"1138":{"start":{"line":1139,"column":0},"end":{"line":1139,"column":18}},"1139":{"start":{"line":1140,"column":0},"end":{"line":1140,"column":5}},"1140":{"start":{"line":1141,"column":0},"end":{"line":1141,"column":3}},"1142":{"start":{"line":1143,"column":0},"end":{"line":1143,"column":5}},"1144":{"start":{"line":1145,"column":0},"end":{"line":1145,"column":5}},"1145":{"start":{"line":1146,"column":0},"end":{"line":1146,"column":59}},"1146":{"start":{"line":1147,"column":0},"end":{"line":1147,"column":44}},"1147":{"start":{"line":1148,"column":0},"end":{"line":1148,"column":44}},"1148":{"start":{"line":1149,"column":0},"end":{"line":1149,"column":18}},"1149":{"start":{"line":1150,"column":0},"end":{"line":1150,"column":5}},"1151":{"start":{"line":1152,"column":0},"end":{"line":1152,"column":39}},"1152":{"start":{"line":1153,"column":0},"end":{"line":1153,"column":40}},"1153":{"start":{"line":1154,"column":0},"end":{"line":1154,"column":19}},"1154":{"start":{"line":1155,"column":0},"end":{"line":1155,"column":5}},"1156":{"start":{"line":1157,"column":0},"end":{"line":1157,"column":22}},"1157":{"start":{"line":1158,"column":0},"end":{"line":1158,"column":43}},"1158":{"start":{"line":1159,"column":0},"end":{"line":1159,"column":57}},"1159":{"start":{"line":1160,"column":0},"end":{"line":1160,"column":19}},"1160":{"start":{"line":1161,"column":0},"end":{"line":1161,"column":5}},"1162":{"start":{"line":1163,"column":0},"end":{"line":1163,"column":23}},"1163":{"start":{"line":1164,"column":0},"end":{"line":1164,"column":50}},"1164":{"start":{"line":1165,"column":0},"end":{"line":1165,"column":57}},"1165":{"start":{"line":1166,"column":0},"end":{"line":1166,"column":19}},"1166":{"start":{"line":1167,"column":0},"end":{"line":1167,"column":5}},"1168":{"start":{"line":1169,"column":0},"end":{"line":1169,"column":16}},"1169":{"start":{"line":1170,"column":0},"end":{"line":1170,"column":3}},"1171":{"start":{"line":1172,"column":0},"end":{"line":1172,"column":5}},"1173":{"start":{"line":1174,"column":0},"end":{"line":1174,"column":5}},"1174":{"start":{"line":1175,"column":0},"end":{"line":1175,"column":42}},"1175":{"start":{"line":1176,"column":0},"end":{"line":1176,"column":19}},"1176":{"start":{"line":1177,"column":0},"end":{"line":1177,"column":28}},"1177":{"start":{"line":1178,"column":0},"end":{"line":1178,"column":47}},"1178":{"start":{"line":1179,"column":0},"end":{"line":1179,"column":53}},"1179":{"start":{"line":1180,"column":0},"end":{"line":1180,"column":42}},"1180":{"start":{"line":1181,"column":0},"end":{"line":1181,"column":85}},"1181":{"start":{"line":1182,"column":0},"end":{"line":1182,"column":9}},"1182":{"start":{"line":1183,"column":0},"end":{"line":1183,"column":51}},"1183":{"start":{"line":1184,"column":0},"end":{"line":1184,"column":29}},"1184":{"start":{"line":1185,"column":0},"end":{"line":1185,"column":17}},"1185":{"start":{"line":1186,"column":0},"end":{"line":1186,"column":62}},"1186":{"start":{"line":1187,"column":0},"end":{"line":1187,"column":42}},"1187":{"start":{"line":1188,"column":0},"end":{"line":1188,"column":13}},"1188":{"start":{"line":1189,"column":0},"end":{"line":1189,"column":19}},"1189":{"start":{"line":1190,"column":0},"end":{"line":1190,"column":67}},"1190":{"start":{"line":1191,"column":0},"end":{"line":1191,"column":60}},"1191":{"start":{"line":1192,"column":0},"end":{"line":1192,"column":52}},"1192":{"start":{"line":1193,"column":0},"end":{"line":1193,"column":60}},"1193":{"start":{"line":1194,"column":0},"end":{"line":1194,"column":53}},"1194":{"start":{"line":1195,"column":0},"end":{"line":1195,"column":45}},"1195":{"start":{"line":1196,"column":0},"end":{"line":1196,"column":40}},"1196":{"start":{"line":1197,"column":0},"end":{"line":1197,"column":38}},"1197":{"start":{"line":1198,"column":0},"end":{"line":1198,"column":50}},"1198":{"start":{"line":1199,"column":0},"end":{"line":1199,"column":28}},"1199":{"start":{"line":1200,"column":0},"end":{"line":1200,"column":21}},"1200":{"start":{"line":1201,"column":0},"end":{"line":1201,"column":25}},"1201":{"start":{"line":1202,"column":0},"end":{"line":1202,"column":30}},"1202":{"start":{"line":1203,"column":0},"end":{"line":1203,"column":30}},"1203":{"start":{"line":1204,"column":0},"end":{"line":1204,"column":8}},"1205":{"start":{"line":1206,"column":0},"end":{"line":1206,"column":24}},"1206":{"start":{"line":1207,"column":0},"end":{"line":1207,"column":58}},"1208":{"start":{"line":1209,"column":0},"end":{"line":1209,"column":19}},"1209":{"start":{"line":1210,"column":0},"end":{"line":1210,"column":25}},"1212":{"start":{"line":1213,"column":0},"end":{"line":1213,"column":12}},"1214":{"start":{"line":1215,"column":0},"end":{"line":1215,"column":28}},"1215":{"start":{"line":1216,"column":0},"end":{"line":1216,"column":21}},"1216":{"start":{"line":1217,"column":0},"end":{"line":1217,"column":66}},"1217":{"start":{"line":1218,"column":0},"end":{"line":1218,"column":18}},"1218":{"start":{"line":1219,"column":0},"end":{"line":1219,"column":5}},"1219":{"start":{"line":1220,"column":0},"end":{"line":1220,"column":3}},"1221":{"start":{"line":1222,"column":0},"end":{"line":1222,"column":5}},"1223":{"start":{"line":1224,"column":0},"end":{"line":1224,"column":5}},"1224":{"start":{"line":1225,"column":0},"end":{"line":1225,"column":29}},"1225":{"start":{"line":1226,"column":0},"end":{"line":1226,"column":19}},"1226":{"start":{"line":1227,"column":0},"end":{"line":1227,"column":27}},"1227":{"start":{"line":1228,"column":0},"end":{"line":1228,"column":27}},"1228":{"start":{"line":1229,"column":0},"end":{"line":1229,"column":13}},"1229":{"start":{"line":1230,"column":0},"end":{"line":1230,"column":70}},"1230":{"start":{"line":1231,"column":0},"end":{"line":1231,"column":42}},"1231":{"start":{"line":1232,"column":0},"end":{"line":1232,"column":41}},"1233":{"start":{"line":1234,"column":0},"end":{"line":1234,"column":32}},"1234":{"start":{"line":1235,"column":0},"end":{"line":1235,"column":65}},"1235":{"start":{"line":1236,"column":0},"end":{"line":1236,"column":18}},"1236":{"start":{"line":1237,"column":0},"end":{"line":1237,"column":26}},"1237":{"start":{"line":1238,"column":0},"end":{"line":1238,"column":22}},"1238":{"start":{"line":1239,"column":0},"end":{"line":1239,"column":42}},"1239":{"start":{"line":1240,"column":0},"end":{"line":1240,"column":9}},"1240":{"start":{"line":1241,"column":0},"end":{"line":1241,"column":8}},"1241":{"start":{"line":1242,"column":0},"end":{"line":1242,"column":25}},"1242":{"start":{"line":1243,"column":0},"end":{"line":1243,"column":78}},"1243":{"start":{"line":1244,"column":0},"end":{"line":1244,"column":9}},"1245":{"start":{"line":1246,"column":0},"end":{"line":1246,"column":34}},"1246":{"start":{"line":1247,"column":0},"end":{"line":1247,"column":92}},"1247":{"start":{"line":1248,"column":0},"end":{"line":1248,"column":41}},"1249":{"start":{"line":1250,"column":0},"end":{"line":1250,"column":28}},"1250":{"start":{"line":1251,"column":0},"end":{"line":1251,"column":74}},"1251":{"start":{"line":1252,"column":0},"end":{"line":1252,"column":63}},"1253":{"start":{"line":1254,"column":0},"end":{"line":1254,"column":39}},"1254":{"start":{"line":1255,"column":0},"end":{"line":1255,"column":63}},"1256":{"start":{"line":1257,"column":0},"end":{"line":1257,"column":39}},"1257":{"start":{"line":1258,"column":0},"end":{"line":1258,"column":26}},"1258":{"start":{"line":1259,"column":0},"end":{"line":1259,"column":56}},"1259":{"start":{"line":1260,"column":0},"end":{"line":1260,"column":5}},"1261":{"start":{"line":1262,"column":0},"end":{"line":1262,"column":37}},"1262":{"start":{"line":1263,"column":0},"end":{"line":1263,"column":62}},"1264":{"start":{"line":1265,"column":0},"end":{"line":1265,"column":44}},"1265":{"start":{"line":1266,"column":0},"end":{"line":1266,"column":87}},"1266":{"start":{"line":1267,"column":0},"end":{"line":1267,"column":3}},"1268":{"start":{"line":1269,"column":0},"end":{"line":1269,"column":5}},"1270":{"start":{"line":1271,"column":0},"end":{"line":1271,"column":5}},"1271":{"start":{"line":1272,"column":0},"end":{"line":1272,"column":31}},"1272":{"start":{"line":1273,"column":0},"end":{"line":1273,"column":27}},"1273":{"start":{"line":1274,"column":0},"end":{"line":1274,"column":19}},"1274":{"start":{"line":1275,"column":0},"end":{"line":1275,"column":25}},"1275":{"start":{"line":1276,"column":0},"end":{"line":1276,"column":26}},"1276":{"start":{"line":1277,"column":0},"end":{"line":1277,"column":19}},"1277":{"start":{"line":1278,"column":0},"end":{"line":1278,"column":18}},"1278":{"start":{"line":1279,"column":0},"end":{"line":1279,"column":25}},"1279":{"start":{"line":1280,"column":0},"end":{"line":1280,"column":31}},"1280":{"start":{"line":1281,"column":0},"end":{"line":1281,"column":17}},"1281":{"start":{"line":1282,"column":0},"end":{"line":1282,"column":26}},"1282":{"start":{"line":1283,"column":0},"end":{"line":1283,"column":23}},"1283":{"start":{"line":1284,"column":0},"end":{"line":1284,"column":15}},"1284":{"start":{"line":1285,"column":0},"end":{"line":1285,"column":19}},"1285":{"start":{"line":1286,"column":0},"end":{"line":1286,"column":20}},"1286":{"start":{"line":1287,"column":0},"end":{"line":1287,"column":13}},"1287":{"start":{"line":1288,"column":0},"end":{"line":1288,"column":12}},"1288":{"start":{"line":1289,"column":0},"end":{"line":1289,"column":18}},"1290":{"start":{"line":1291,"column":0},"end":{"line":1291,"column":9}},"1291":{"start":{"line":1292,"column":0},"end":{"line":1292,"column":34}},"1292":{"start":{"line":1293,"column":0},"end":{"line":1293,"column":29}},"1293":{"start":{"line":1294,"column":0},"end":{"line":1294,"column":47}},"1294":{"start":{"line":1295,"column":0},"end":{"line":1295,"column":21}},"1295":{"start":{"line":1296,"column":0},"end":{"line":1296,"column":22}},"1296":{"start":{"line":1297,"column":0},"end":{"line":1297,"column":21}},"1297":{"start":{"line":1298,"column":0},"end":{"line":1298,"column":17}},"1298":{"start":{"line":1299,"column":0},"end":{"line":1299,"column":25}},"1299":{"start":{"line":1300,"column":0},"end":{"line":1300,"column":28}},"1300":{"start":{"line":1301,"column":0},"end":{"line":1301,"column":21}},"1301":{"start":{"line":1302,"column":0},"end":{"line":1302,"column":23}},"1302":{"start":{"line":1303,"column":0},"end":{"line":1303,"column":34}},"1303":{"start":{"line":1304,"column":0},"end":{"line":1304,"column":30}},"1304":{"start":{"line":1305,"column":0},"end":{"line":1305,"column":8}},"1306":{"start":{"line":1307,"column":0},"end":{"line":1307,"column":24}},"1307":{"start":{"line":1308,"column":0},"end":{"line":1308,"column":41}},"1309":{"start":{"line":1310,"column":0},"end":{"line":1310,"column":22}},"1310":{"start":{"line":1311,"column":0},"end":{"line":1311,"column":21}},"1311":{"start":{"line":1312,"column":0},"end":{"line":1312,"column":54}},"1312":{"start":{"line":1313,"column":0},"end":{"line":1313,"column":18}},"1313":{"start":{"line":1314,"column":0},"end":{"line":1314,"column":5}},"1314":{"start":{"line":1315,"column":0},"end":{"line":1315,"column":3}},"1316":{"start":{"line":1317,"column":0},"end":{"line":1317,"column":5}},"1318":{"start":{"line":1319,"column":0},"end":{"line":1319,"column":5}},"1319":{"start":{"line":1320,"column":0},"end":{"line":1320,"column":34}},"1320":{"start":{"line":1321,"column":0},"end":{"line":1321,"column":21}},"1321":{"start":{"line":1322,"column":0},"end":{"line":1322,"column":25}},"1322":{"start":{"line":1323,"column":0},"end":{"line":1323,"column":26}},"1323":{"start":{"line":1324,"column":0},"end":{"line":1324,"column":19}},"1324":{"start":{"line":1325,"column":0},"end":{"line":1325,"column":18}},"1325":{"start":{"line":1326,"column":0},"end":{"line":1326,"column":25}},"1326":{"start":{"line":1327,"column":0},"end":{"line":1327,"column":23}},"1327":{"start":{"line":1328,"column":0},"end":{"line":1328,"column":17}},"1328":{"start":{"line":1329,"column":0},"end":{"line":1329,"column":30}},"1329":{"start":{"line":1330,"column":0},"end":{"line":1330,"column":17}},"1330":{"start":{"line":1331,"column":0},"end":{"line":1331,"column":19}},"1331":{"start":{"line":1332,"column":0},"end":{"line":1332,"column":11}},"1332":{"start":{"line":1333,"column":0},"end":{"line":1333,"column":13}},"1333":{"start":{"line":1334,"column":0},"end":{"line":1334,"column":12}},"1334":{"start":{"line":1335,"column":0},"end":{"line":1335,"column":18}},"1336":{"start":{"line":1337,"column":0},"end":{"line":1337,"column":9}},"1337":{"start":{"line":1338,"column":0},"end":{"line":1338,"column":40}},"1338":{"start":{"line":1339,"column":0},"end":{"line":1339,"column":29}},"1339":{"start":{"line":1340,"column":0},"end":{"line":1340,"column":19}},"1340":{"start":{"line":1341,"column":0},"end":{"line":1341,"column":47}},"1341":{"start":{"line":1342,"column":0},"end":{"line":1342,"column":21}},"1342":{"start":{"line":1343,"column":0},"end":{"line":1343,"column":13}},"1343":{"start":{"line":1344,"column":0},"end":{"line":1344,"column":34}},"1344":{"start":{"line":1345,"column":0},"end":{"line":1345,"column":32}},"1345":{"start":{"line":1346,"column":0},"end":{"line":1346,"column":21}},"1346":{"start":{"line":1347,"column":0},"end":{"line":1347,"column":30}},"1347":{"start":{"line":1348,"column":0},"end":{"line":1348,"column":8}},"1349":{"start":{"line":1350,"column":0},"end":{"line":1350,"column":24}},"1350":{"start":{"line":1351,"column":0},"end":{"line":1351,"column":47}},"1352":{"start":{"line":1353,"column":0},"end":{"line":1353,"column":19}},"1353":{"start":{"line":1354,"column":0},"end":{"line":1354,"column":68}},"1355":{"start":{"line":1356,"column":0},"end":{"line":1356,"column":18}},"1356":{"start":{"line":1357,"column":0},"end":{"line":1357,"column":21}},"1357":{"start":{"line":1358,"column":0},"end":{"line":1358,"column":58}},"1358":{"start":{"line":1359,"column":0},"end":{"line":1359,"column":19}},"1359":{"start":{"line":1360,"column":0},"end":{"line":1360,"column":5}},"1360":{"start":{"line":1361,"column":0},"end":{"line":1361,"column":3}},"1362":{"start":{"line":1363,"column":0},"end":{"line":1363,"column":5}},"1364":{"start":{"line":1365,"column":0},"end":{"line":1365,"column":5}},"1365":{"start":{"line":1366,"column":0},"end":{"line":1366,"column":72}},"1366":{"start":{"line":1367,"column":0},"end":{"line":1367,"column":63}},"1367":{"start":{"line":1368,"column":0},"end":{"line":1368,"column":9}},"1368":{"start":{"line":1369,"column":0},"end":{"line":1369,"column":83}},"1369":{"start":{"line":1370,"column":0},"end":{"line":1370,"column":39}},"1371":{"start":{"line":1372,"column":0},"end":{"line":1372,"column":53}},"1372":{"start":{"line":1373,"column":0},"end":{"line":1373,"column":92}},"1374":{"start":{"line":1375,"column":0},"end":{"line":1375,"column":59}},"1375":{"start":{"line":1376,"column":0},"end":{"line":1376,"column":55}},"1376":{"start":{"line":1377,"column":0},"end":{"line":1377,"column":54}},"1379":{"start":{"line":1380,"column":0},"end":{"line":1380,"column":43}},"1380":{"start":{"line":1381,"column":0},"end":{"line":1381,"column":7}},"1382":{"start":{"line":1383,"column":0},"end":{"line":1383,"column":23}},"1383":{"start":{"line":1384,"column":0},"end":{"line":1384,"column":21}},"1384":{"start":{"line":1385,"column":0},"end":{"line":1385,"column":64}},"1385":{"start":{"line":1386,"column":0},"end":{"line":1386,"column":16}},"1386":{"start":{"line":1387,"column":0},"end":{"line":1387,"column":5}},"1387":{"start":{"line":1388,"column":0},"end":{"line":1388,"column":3}},"1389":{"start":{"line":1390,"column":0},"end":{"line":1390,"column":5}},"1391":{"start":{"line":1392,"column":0},"end":{"line":1392,"column":5}},"1392":{"start":{"line":1393,"column":0},"end":{"line":1393,"column":80}},"1393":{"start":{"line":1394,"column":0},"end":{"line":1394,"column":61}},"1394":{"start":{"line":1395,"column":0},"end":{"line":1395,"column":9}},"1395":{"start":{"line":1396,"column":0},"end":{"line":1396,"column":44}},"1396":{"start":{"line":1397,"column":0},"end":{"line":1397,"column":59}},"1397":{"start":{"line":1398,"column":0},"end":{"line":1398,"column":65}},"1398":{"start":{"line":1399,"column":0},"end":{"line":1399,"column":84}},"1399":{"start":{"line":1400,"column":0},"end":{"line":1400,"column":21}},"1400":{"start":{"line":1401,"column":0},"end":{"line":1401,"column":63}},"1401":{"start":{"line":1402,"column":0},"end":{"line":1402,"column":16}},"1402":{"start":{"line":1403,"column":0},"end":{"line":1403,"column":5}},"1403":{"start":{"line":1404,"column":0},"end":{"line":1404,"column":3}},"1405":{"start":{"line":1406,"column":0},"end":{"line":1406,"column":5}},"1407":{"start":{"line":1408,"column":0},"end":{"line":1408,"column":5}},"1408":{"start":{"line":1409,"column":0},"end":{"line":1409,"column":77}},"1409":{"start":{"line":1410,"column":0},"end":{"line":1410,"column":65}},"1410":{"start":{"line":1411,"column":0},"end":{"line":1411,"column":9}},"1411":{"start":{"line":1412,"column":0},"end":{"line":1412,"column":54}},"1412":{"start":{"line":1413,"column":0},"end":{"line":1413,"column":62}},"1413":{"start":{"line":1414,"column":0},"end":{"line":1414,"column":85}},"1415":{"start":{"line":1416,"column":0},"end":{"line":1416,"column":58}},"1416":{"start":{"line":1417,"column":0},"end":{"line":1417,"column":34}},"1417":{"start":{"line":1418,"column":0},"end":{"line":1418,"column":18}},"1418":{"start":{"line":1419,"column":0},"end":{"line":1419,"column":29}},"1419":{"start":{"line":1420,"column":0},"end":{"line":1420,"column":18}},"1420":{"start":{"line":1421,"column":0},"end":{"line
[...]
column":2},"end":{"line":2813,"column":3}}]},"108":{"type":"branch","line":2677,"loc":{"start":{"line":2677,"column":103},"end":{"line":2677,"column":117}},"locations":[{"start":{"line":2677,"column":103},"end":{"line":2677,"column":117}}]},"109":{"type":"branch","line":2679,"loc":{"start":{"line":2679,"column":31},"end":{"line":2679,"column":58}},"locations":[{"start":{"line":2679,"column":31},"end":{"line":2679,"column":58}}]},"110":{"type":"branch","line":2690,"loc":{"start":{"line":2690,"column":8},"end":{"line":2690,"column":31}},"locations":[{"start":{"line":2690,"column":8},"end":{"line":2690,"column":31}}]},"111":{"type":"branch","line":2690,"loc":{"start":{"line":2690,"column":31},"end":{"line":2698,"column":11}},"locations":[{"start":{"line":2690,"column":31},"end":{"line":2698,"column":11}}]},"112":{"type":"branch","line":2692,"loc":{"start":{"line":2692,"column":55},"end":{"line":2697,"column":7}},"locations":[{"start":{"line":2692,"column":55},"end":{"line":2697,"column":7}}]},"113":{"type":"branch","line":2698,"loc":{"start":{"line":2698,"column":4},"end":{"line":2710,"column":5}},"locations":[{"start":{"line":2698,"column":4},"end":{"line":2710,"column":5}}]},"114":{"type":"branch","line":2718,"loc":{"start":{"line":2718,"column":20},"end":{"line":2719,"column":40}},"locations":[{"start":{"line":2718,"column":20},"end":{"line":2719,"column":40}}]},"115":{"type":"branch","line":2719,"loc":{"start":{"line":2719,"column":40},"end":{"line":2720,"column":83}},"locations":[{"start":{"line":2719,"column":40},"end":{"line":2720,"column":83}}]},"116":{"type":"branch","line":2723,"loc":{"start":{"line":2723,"column":45},"end":{"line":2728,"column":9}},"locations":[{"start":{"line":2723,"column":45},"end":{"line":2728,"column":9}}]},"117":{"type":"branch","line":2732,"loc":{"start":{"line":2732,"column":93},"end":{"line":2736,"column":11}},"locations":[{"start":{"line":2732,"column":93},"end":{"line":2736,"column":11}}]},"118":{"type":"branch","line":2738,"loc":{"start":{"line":2738,"column":8},"end":{"line":2743,"column":9}},"locations":[{"start":{"line":2738,"column":8},"end":{"line":2743,"column":9}}]},"119":{"type":"branch","line":2746,"loc":{"start":{"line":2746,"column":24},"end":{"line":2752,"column":7}},"locations":[{"start":{"line":2746,"column":24},"end":{"line":2752,"column":7}}]},"120":{"type":"branch","line":2757,"loc":{"start":{"line":2757,"column":44},"end":{"line":2760,"column":13}},"locations":[{"start":{"line":2757,"column":44},"end":{"line":2760,"column":13}}]},"121":{"type":"branch","line":2758,"loc":{"start":{"line":2758,"column":54},"end":{"line":2758,"column":60}},"locations":[{"start":{"line":2758,"column":54},"end":{"line":2758,"column":60}}]},"122":{"type":"branch","line":2759,"loc":{"start":{"line":2759,"column":37},"end":{"line":2759,"column":54}},"locations":[{"start":{"line":2759,"column":37},"end":{"line":2759,"column":54}}]},"123":{"type":"branch","line":2760,"loc":{"start":{"line":2760,"column":6},"end":{"line":2764,"column":7}},"locations":[{"start":{"line":2760,"column":6},"end":{"line":2764,"column":7}}]},"124":{"type":"branch","line":2762,"loc":{"start":{"line":2762,"column":50},"end":{"line":2762,"column":56}},"locations":[{"start":{"line":2762,"column":50},"end":{"line":2762,"column":56}}]},"125":{"type":"branch","line":2763,"loc":{"start":{"line":2763,"column":37},"end":{"line":2763,"column":53}},"locations":[{"start":{"line":2763,"column":37},"end":{"line":2763,"column":53}}]},"126":{"type":"branch","line":2770,"loc":{"start":{"line":2770,"column":20},"end":{"line":2770,"column":90}},"locations":[{"start":{"line":2770,"column":20},"end":{"line":2770,"column":90}}]},"127":{"type":"branch","line":2770,"loc":{"start":{"line":2770,"column":74},"end":{"line":2770,"column":92}},"locations":[{"start":{"line":2770,"column":74},"end":{"line":2770,"column":92}}]},"128":{"type":"branch","line":2773,"loc":{"start":{"line":2773,"column":57},"end":{"line":2774,"column":32}},"locations":[{"start":{"line":2773,"column":57},"end":{"line":2774,"column":32}}]},"129":{"type":"branch","line":2774,"loc":{"start":{"line":2774,"column":6},"end":{"line":2775,"column":18}},"locations":[{"start":{"line":2774,"column":6},"end":{"line":2775,"column":18}}]},"130":{"type":"branch","line":2786,"loc":{"start":{"line":2786,"column":10},"end":{"line":2786,"column":44}},"locations":[{"start":{"line":2786,"column":10},"end":{"line":2786,"column":44}}]},"131":{"type":"branch","line":2786,"loc":{"start":{"line":2786,"column":44},"end":{"line":2791,"column":13}},"locations":[{"start":{"line":2786,"column":44},"end":{"line":2791,"column":13}}]},"132":{"type":"branch","line":2791,"loc":{"start":{"line":2791,"column":6},"end":{"line":2807,"column":7}},"locations":[{"start":{"line":2791,"column":6},"end":{"line":2807,"column":7}}]},"133":{"type":"branch","line":2808,"loc":{"start":{"line":2808,"column":4},"end":{"line":2812,"column":5}},"locations":[{"start":{"line":2808,"column":4},"end":{"line":2812,"column":5}}]},"134":{"type":"branch","line":2958,"loc":{"start":{"line":2958,"column":10},"end":{"line":2965,"column":3}},"locations":[{"start":{"line":2958,"column":10},"end":{"line":2965,"column":3}}]},"135":{"type":"branch","line":2967,"loc":{"start":{"line":2967,"column":2},"end":{"line":3000,"column":3}},"locations":[{"start":{"line":2967,"column":2},"end":{"line":3000,"column":3}}]},"136":{"type":"branch","line":2972,"loc":{"start":{"line":2972,"column":38},"end":{"line":2996,"column":5}},"locations":[{"start":{"line":2972,"column":38},"end":{"line":2996,"column":5}}]},"137":{"type":"branch","line":2973,"loc":{"start":{"line":2973,"column":22},"end":{"line":2973,"column":31}},"locations":[{"start":{"line":2973,"column":22},"end":{"line":2973,"column":31}}]},"138":{"type":"branch","line":2981,"loc":{"start":{"line":2981,"column":10},"end":{"line":2981,"column":27}},"locations":[{"start":{"line":2981,"column":10},"end":{"line":2981,"column":27}}]},"139":{"type":"branch","line":2981,"loc":{"start":{"line":2981,"column":27},"end":{"line":2995,"column":7}},"locations":[{"start":{"line":2981,"column":27},"end":{"line":2995,"column":7}}]},"140":{"type":"branch","line":2987,"loc":{"start":{"line":2987,"column":-1},"end":{"line":2987,"column":14}},"locations":[{"start":{"line":2987,"column":-1},"end":{"line":2987,"column":14}}]},"141":{"type":"branch","line":2991,"loc":{"start":{"line":2991,"column":43},"end":{"line":2991,"column":77}},"locations":[{"start":{"line":2991,"column":43},"end":{"line":2991,"column":77}}]},"142":{"type":"branch","line":2992,"loc":{"start":{"line":2992,"column":44},"end":{"line":2992,"column":50}},"locations":[{"start":{"line":2992,"column":44},"end":{"line":2992,"column":50}}]},"143":{"type":"branch","line":2998,"loc":{"start":{"line":2998,"column":28},"end":{"line":2998,"column":65}},"locations":[{"start":{"line":2998,"column":28},"end":{"line":2998,"column":65}}]},"144":{"type":"branch","line":2999,"loc":{"start":{"line":2999,"column":34},"end":{"line":2999,"column":85}},"locations":[{"start":{"line":2999,"column":34},"end":{"line":2999,"column":85}}]},"145":{"type":"branch","line":108,"loc":{"start":{"line":108,"column":2},"end":{"line":126,"column":3}},"locations":[{"start":{"line":108,"column":2},"end":{"line":126,"column":3}}]},"146":{"type":"branch","line":117,"loc":{"start":{"line":117,"column":6},"end":{"line":119,"column":5}},"locations":[{"start":{"line":117,"column":6},"end":{"line":119,"column":5}}]}},"b":{"0":[3],"1":[0],"2":[1],"3":[0],"4":[0],"5":[2],"6":[1],"7":[1],"8":[0],"9":[0],"10":[0],"11":[1],"12":[23],"13":[2],"14":[1],"15":[0],"16":[0],"17":[1],"18":[0],"19":[0],"20":[1],"21":[0],"22":[1],"23":[1],"24":[1],"25":[0],"26":[0],"27":[1],"28":[0],"29":[0],"30":[0],"31":[1],"32":[0],"33":[0],"34":[0],"35":[0],"36":[0],"37":[0],"38":[9],"39":[1],"40":[9],"41":[4],"42":[0],"43":[0],"44":[0],"45":[1],"46":[1],"47":[3],"48":[1],"49":[1],"50":[0],"51":[0],"52":[0],"53":[1],"54":[3],"55":[1],"56":[1],"57":[3],"58":[1],"59":[2],"60":[0],"61":[0],"62":[0],"63":[0],"64":[1],"65":[2],"66":[0],"67":[0],"68":[3],"69":[1],"70":[3],"71":[9],"72":[8],"73":[3],"74":[2],"75":[4],"76":[1],"77":[1],"78":[0],"79":[0],"80":[1],"81":[0],"82":[0],"83":[3],"84":[0],"85":[3],"86":[2],"87":[1],"88":[0],"89":[0],"90":[1],"91":[0],"92":[0],"93":[3],"94":[2],"95":[1],"96":[8],"97":[3],"98":[3],"99":[6],"100":[0],"101":[6],"102":[4],"103":[2],"104":[0],"105":[0],"106":[0],"107":[6],"108":[0],"109":[0],"110":[5],"111":[5],"112":[0],"113":[1],"114":[0],"115":[0],"116":[0],"117":[0],"118":[0],"119":[0],"120":[4],"121":[0],"122":[0],"123":[2],"124":[0],"125":[0],"126":[5],"127":[1],"128":[1],"129":[1],"130":[5],"131":[5],"132":[1],"133":[0],"134":[23],"135":[3],"136":[4],"137":[0],"138":[3],"139":[3],"140":[0],"141":[0],"142":[0],"143":[3],"144":[3],"145":[23],"146":[0]},"fnMap":{"0":{"name":"start","decl":{"start":{"line":128,"column":2},"end":{"line":131,"column":3}},"loc":{"start":{"line":128,"column":2},"end":{"line":131,"column":3}},"line":128},"1":{"name":"stop","decl":{"start":{"line":133,"column":2},"end":{"line":138,"column":3}},"loc":{"start":{"line":133,"column":2},"end":{"line":138,"column":3}},"line":133},"2":{"name":"stop","decl":{"start":{"line":140,"column":2},"end":{"line":142,"column":3}},"loc":{"start":{"line":140,"column":2},"end":{"line":142,"column":3}},"line":140},"3":{"name":"processBuySignal","decl":{"start":{"line":147,"column":2},"end":{"line":221,"column":3}},"loc":{"start":{"line":147,"column":2},"end":{"line":221,"column":3}},"line":147},"4":{"name":"processSellSignal","decl":{"start":{"line":226,"column":2},"end":{"line":289,"column":3}},"loc":{"start":{"line":226,"column":2},"end":{"line":289,"column":3}},"line":226},"5":{"name":"handleRecommendation","decl":{"start":{"line":294,"column":2},"end":{"line":375,"column":3}},"loc":{"start":{"line":294,"column":2},"end":{"line":375,"column":3}},"line":294},"6":{"name":"hasWallet","decl":{"start":{"line":380,"column":2},"end":{"line":384,"column":3}},"loc":{"start":{"line":380,"column":2},"end":{"line":384,"column":3}},"line":380},"7":{"name":"getTokenOverview","decl":{"start":{"line":391,"column":2},"end":{"line":484,"column":3}},"loc":{"start":{"line":391,"column":2},"end":{"line":484,"column":3}},"line":391},"8":{"name":"resolveTicker","decl":{"start":{"line":489,"column":2},"end":{"line":699,"column":3}},"loc":{"start":{"line":489,"column":2},"end":{"line":699,"column":3}},"line":489},"9":{"name":"getCurrentPrice","decl":{"start":{"line":704,"column":2},"end":{"line":739,"column":3}},"loc":{"start":{"line":704,"column":2},"end":{"line":739,"column":3}},"line":704},"10":{"name":"shouldTradeToken","decl":{"start":{"line":744,"column":2},"end":{"line":785,"column":3}},"loc":{"start":{"line":744,"column":2},"end":{"line":785,"column":3}},"line":744},"11":{"name":"getProcessedTokenData","decl":{"start":{"line":790,"column":2},"end":{"line":909,"column":3}},"loc":{"start":{"line":790,"column":2},"end":{"line":909,"column":3}},"line":790},"12":{"name":"analyzeHolderDistribution","decl":{"start":{"line":914,"column":2},"end":{"line":953,"column":3}},"loc":{"start":{"line":914,"column":2},"end":{"line":953,"column":3}},"line":914},"13":{"name":"updateTokenPerformance","decl":{"start":{"line":960,"column":2},"end":{"line":997,"column":3}},"loc":{"start":{"line":960,"column":2},"end":{"line":997,"column":3}},"line":960},"14":{"name":"calculateRiskScore","decl":{"start":{"line":1002,"column":2},"end":{"line":1026,"column":3}},"loc":{"start":{"line":1002,"column":2},"end":{"line":1026,"column":3}},"line":1002},"15":{"name":"updateRecommenderMetrics","decl":{"start":{"line":1031,"column":2},"end":{"line":1063,"column":3}},"loc":{"start":{"line":1031,"column":2},"end":{"line":1063,"column":3}},"line":1031},"16":{"name":"calculateTrustScore","decl":{"start":{"line":1068,"column":2},"end":{"line":1094,"column":3}},"loc":{"start":{"line":1068,"column":2},"end":{"line":1094,"column":3}},"line":1068},"17":{"name":"getOrFetchTokenPerformance","decl":{"start":{"line":1101,"column":2},"end":{"line":1141,"column":3}},"loc":{"start":{"line":1101,"column":2},"end":{"line":1141,"column":3}},"line":1101},"18":{"name":"validateToken","decl":{"start":{"line":1146,"column":2},"end":{"line":1170,"column":3}},"loc":{"start":{"line":1146,"column":2},"end":{"line":1170,"column":3}},"line":1146},"19":{"name":"createTokenRecommendation","decl":{"start":{"line":1175,"column":2},"end":{"line":1220,"column":3}},"loc":{"start":{"line":1175,"column":2},"end":{"line":1220,"column":3}},"line":1175},"20":{"name":"calculateBuyAmount","decl":{"start":{"line":1225,"column":2},"end":{"line":1267,"column":3}},"loc":{"start":{"line":1225,"column":2},"end":{"line":1267,"column":3}},"line":1225},"21":{"name":"createPosition","decl":{"start":{"line":1272,"column":2},"end":{"line":1315,"column":3}},"loc":{"start":{"line":1272,"column":2},"end":{"line":1315,"column":3}},"line":1272},"22":{"name":"recordTransaction","decl":{"start":{"line":1320,"column":2},"end":{"line":1361,"column":3}},"loc":{"start":{"line":1320,"column":2},"end":{"line":1361,"column":3}},"line":1320},"23":{"name":"getPositionsByRecommender","decl":{"start":{"line":1366,"column":2},"end":{"line":1388,"column":3}},"loc":{"start":{"line":1366,"column":2},"end":{"line":1388,"column":3}},"line":1366},"24":{"name":"getPositionsByToken","decl":{"start":{"line":1393,"column":2},"end":{"line":1404,"column":3}},"loc":{"start":{"line":1393,"column":2},"end":{"line":1404,"column":3}},"line":1393},"25":{"name":"getTransactionsByPosition","decl":{"start":{"line":1409,"column":2},"end":{"line":1439,"column":3}},"loc":{"start":{"line":1409,"column":2},"end":{"line":1439,"column":3}},"line":1409},"26":{"name":"getTransactionsByToken","decl":{"start":{"line":1444,"column":2},"end":{"line":1474,"column":3}},"loc":{"start":{"line":1444,"column":2},"end":{"line":1474,"column":3}},"line":1444},"27":{"name":"getPosition","decl":{"start":{"line":1479,"column":2},"end":{"line":1515,"column":3}},"loc":{"start":{"line":1479,"column":2},"end":{"line":1515,"column":3}},"line":1479},"28":{"name":"getRecommendationsByRecommender","decl":{"start":{"line":1520,"column":2},"end":{"line":1550,"column":3}},"loc":{"start":{"line":1520,"column":2},"end":{"line":1550,"column":3}},"line":1520},"29":{"name":"closePosition","decl":{"start":{"line":1555,"column":2},"end":{"line":1586,"column":3}},"loc":{"start":{"line":1555,"column":2},"end":{"line":1586,"column":3}},"line":1555},"30":{"name":"calculatePositionPerformance","decl":{"start":{"line":1591,"column":2},"end":{"line":1614,"column":3}},"loc":{"start":{"line":1591,"column":2},"end":{"line":1614,"column":3}},"line":1591},"31":{"name":"storeTokenPerformance","decl":{"start":{"line":1619,"column":2},"end":{"line":1647,"column":3}},"loc":{"start":{"line":1619,"column":2},"end":{"line":1647,"column":3}},"line":1619},"32":{"name":"storePosition","decl":{"start":{"line":1652,"column":2},"end":{"line":1680,"column":3}},"loc":{"start":{"line":1652,"column":2},"end":{"line":1680,"column":3}},"line":1652},"33":{"name":"storeTransaction","decl":{"start":{"line":1685,"column":2},"end":{"line":1721,"column":3}},"loc":{"start":{"line":1685,"column":2},"end":{"line":1721,"column":3}},"line":1685},"34":{"name":"storeTokenRecommendation","decl":{"start":{"line":1726,"column":2},"end":{"line":1754,"column":3}},"loc":{"start":{"line":1726,"column":2},"end":{"line":1754,"column":3}},"line":1726},"35":{"name":"storeRecommenderMetrics","decl":{"start":{"line":1759,"column":2},"end":{"line":1787,"column":3}},"loc":{"start":{"line":1759,"column":2},"end":{"line":1787,"column":3}},"line":1759},"36":{"name":"storeRecommenderMetricsHistory","decl":{"start":{"line":1792,"column":2},"end":{"line":1832,"column":3}},"loc":{"start":{"line":1792,"column":2},"end":{"line":1832,"column":3}},"line":1792},"37":{"name":"getRecommenderMetrics","decl":{"start":{"line":1837,"column":2},"end":{"line":1873,"column":3}},"loc":{"start":{"line":1837,"column":2},"end":{"line":1873,"column":3}},"line":1837},"38":{"name":"getRecommenderMetricsHistory","decl":{"start":{"line":1878,"column":2},"end":{"line":1924,"column":3}},"loc":{"start":{"line":1878,"column":2},"end":{"line":1924,"column":3}},"line":1878},"39":{"name":"initializeRecommenderMetrics","decl":{"start":{"line":1929,"column":2},"end":{"line":1959,"column":3}},"loc":{"start":{"line":1929,"column":2},"end":{"line":1959,"column":3}},"line":1929},"40":{"name":"getTokenPerformance","decl":{"start":{"line":1964,"column":2},"end":{"line":2000,"column":3}},"loc":{"start":{"line":1964,"column":2},"end":{"line":2000,"column":3}},"line":1964},"41":{"name":"getOpenPositionsWithBalance","decl":{"start":{"line":2005,"column":2},"end":{"line":2052,"column":3}},"loc":{"start":{"line":2005,"column":2},"end":{"line":2052,"column":3}},"line":2005},"42":{"name":"getPositionsTransactions","decl":{"start":{"line":2057,"column":2},"end":{"line":2072,"column":3}},"loc":{"start":{"line":2057,"column":2},"end":{"line":2072,"column":3}},"line":2057},"43":{"name":"getFormattedPortfolioReport","decl":{"start":{"line":2077,"column":2},"end":{"line":2128,"column":3}},"loc":{"start":{"line":2077,"column":2},"end":{"line":2128,"column":3}},"line":2077},"44":{"name":"initialize","decl":{"start":{"line":2130,"column":2},"end":{"line":2135,"column":3}},"loc":{"start":{"line":2130,"column":2},"end":{"line":2135,"column":3}},"line":2130},"45":{"name":"getTokenAPIData","decl":{"start":{"line":2141,"column":2},"end":{"line":2376,"column":3}},"loc":{"start":{"line":2141,"column":2},"end":{"line":2376,"column":3}},"line":2141},"46":{"name":"isLikelyScamOrRug","decl":{"start":{"line":2378,"column":2},"end":{"line":2540,"column":3}},"loc":{"start":{"line":2378,"column":2},"end":{"line":2540,"column":3}},"line":2378},"47":{"name":"evaluateRecommendationPerformance","decl":{"start":{"line":2542,"column":2},"end":{"line":2647,"column":3}},"loc":{"start":{"line":2542,"column":2},"end":{"line":2647,"column":3}},"line":2542},"48":{"name":"getRecencyWeight","decl":{"start":{"line":2649,"column":2},"end":{"line":2655,"column":3}},"loc":{"start":{"line":2649,"column":2},"end":{"line":2655,"column":3}},"line":2649},"49":{"name":"getConvictionWeight","decl":{"start":{"line":2657,"column":2},"end":{"line":2669,"column":3}},"loc":{"start":{"line":2657,"column":2},"end":{"line":2669,"column":3}},"line":2657},"50":{"name":"calculateUserTrustScore","decl":{"start":{"line":2671,"column":2},"end":{"line":2813,"column":3}},"loc":{"start":{"line":2671,"column":2},"end":{"line":2813,"column":3}},"line":2671},"51":{"name":"executeProcessTradeDecision","decl":{"start":{"line":2816,"column":2},"end":{"line":2956,"column":3}},"loc":{"start":{"line":2816,"column":2},"end":{"line":2956,"column":3}},"line":2816},"52":{"name":"registerTaskWorkers","decl":{"start":{"line":2958,"column":10},"end":{"line":2965,"column":3}},"loc":{"start":{"line":2958,"column":10},"end":{"line":2965,"column":3}},"line":2958},"53":{"name":"execute","decl":{"start":{"line":2961,"column":15},"end":{"line":2962,"column":100}},"loc":{"start":{"line":2961,"column":15},"end":{"line":2962,"column":100}},"line":2961},"54":{"name":"getLeaderboardData","decl":{"start":{"line":2967,"column":2},"end":{"line":3000,"column":3}},"loc":{"start":{"line":2967,"column":2},"end":{"line":3000,"column":3}},"line":2967},"55":{"name":"CommunityInvestorService","decl":{"start":{"line":108,"column":2},"end":{"line":126,"column":3}},"loc":{"start":{"line":108,"column":2},"end":{"line":126,"column":3}},"line":108}},"f":{"0":0,"1":0,"2":0,"3":0,"4":0,"5":0,"6":0,"7":0,"8":3,"9":0,"10":0,"11":0,"12":0,"13":0,"14":0,"15":0,"16":0,"17":0,"18":0,"19":0,"20":0,"21":0,"22":0,"23":0,"24":0,"25":0,"26":0,"27":0,"28":0,"29":0,"30":0,"31":0,"32":0,"33":0,"34":0,"35":0,"36":0,"37":0,"38":0,"39":0,"40":0,"41":0,"42":0,"43":0,"44":23,"45":2,"46":4,"47":4,"48":6,"49":6,"50":6,"51":0,"52":23,"53":0,"54":3,"55":23}}
}
